[DEBUG][Qt] 07.12.2023 17:45:32 [] (unknown:0) - Session start time .......: 2023-12-07 17:45:32
[DEBUG][Qt] 07.12.2023 17:45:32 [] (unknown:0) - Slicer version ...........: 4.11.20210226 (revision 29738 / 7a593c8) win-amd64 - installed release
[DEBUG][Qt] 07.12.2023 17:45:33 [] (unknown:0) - Operating system .........: Windows /  Personal / (Build 22621, Code Page 65001) - 64-bit
[DEBUG][Qt] 07.12.2023 17:45:33 [] (unknown:0) - Memory ...................: 11930 MB physical, 37607 MB virtual
[DEBUG][Qt] 07.12.2023 17:45:33 [] (unknown:0) - CPU ......................: GenuineIntel , 8 cores, 8 logical processors
[DEBUG][Qt] 07.12.2023 17:45:33 [] (unknown:0) - VTK configuration ........: OpenGL2 rendering, TBB threading
[DEBUG][Qt] 07.12.2023 17:45:33 [] (unknown:0) - Qt configuration .........: version 5.15.1, with SSL, requested OpenGL 3.2 (compatibility profile)
[DEBUG][Qt] 07.12.2023 17:45:33 [] (unknown:0) - Developer mode enabled ...: yes
[DEBUG][Qt] 07.12.2023 17:45:33 [] (unknown:0) - Prefer executable CLI ....: no
[DEBUG][Qt] 07.12.2023 17:45:33 [] (unknown:0) - Application path .........: C:/Users/kevgi/AppData/Local/NA-MIC/Slicer 4.11.20210226/bin
[DEBUG][Qt] 07.12.2023 17:45:33 [] (unknown:0) - Additional module paths ..: C:/Users/kevgi/OneDrive - UBC/Kevin G's Thesis Files/mandible_reconstruction-main/ReconstructionWorkflow, C:/Users/kevgi/Downloads/Mandible Reconstruction/SlicerIGT/lib/Slicer-4.11/qt-loadable-modules, C:/Users/kevgi/Downloads/Mandible Reconstruction/SlicerIGT/lib/Slicer-4.11/qt-scripted-modules, C:/Users/kevgi/Downloads/Mandible Reconstruction/OpenDose3D/lib/Slicer-4.11/qt-scripted-modules, C:/Users/kevgi/Downloads/Mandible Reconstruction/SlicerElastix/lib/Slicer-4.11/qt-scripted-modules, C:/Users/kevgi/Downloads/Mandible Reconstruction/SlicerRT/lib/Slicer-4.11/cli-modules, C:/Users/kevgi/Downloads/Mandible Reconstruction/SlicerRT/lib/Slicer-4.11/qt-loadable-modules, C:/Users/kevgi/Downloads/Mandible Reconstruction/SlicerRT/lib/Slicer-4.11/qt-scripted-modules
[INFO][Python] 07.12.2023 17:45:37 [Python] (C:\Users\kevgi\AppData\Local\NA-MIC\Slicer 4.11.20210226\bin\Python\slicer\util.py:2813) - Requirement already satisfied: pillow in c:\users\kevgi\appdata\local\na-mic\slicer 4.11.20210226\lib\python\lib\site-packages (8.4.0)
[INFO][Stream] 07.12.2023 17:45:37 [] (unknown:0) - Requirement already satisfied: pillow in c:\users\kevgi\appdata\local\na-mic\slicer 4.11.20210226\lib\python\lib\site-packages (8.4.0)
[INFO][Python] 07.12.2023 17:45:37 [Python] (C:\Users\kevgi\AppData\Local\NA-MIC\Slicer 4.11.20210226\bin\Python\slicer\util.py:2813) - WARNING: You are using pip version 20.3.3; however, version 21.3.1 is available.
[INFO][Stream] 07.12.2023 17:45:37 [] (unknown:0) - WARNING: You are using pip version 20.3.3; however, version 21.3.1 is available.
[INFO][Python] 07.12.2023 17:45:37 [Python] (C:\Users\kevgi\AppData\Local\NA-MIC\Slicer 4.11.20210226\bin\Python\slicer\util.py:2813) - You should consider upgrading via the 'C:\Users\kevgi\AppData\Local\NA-MIC\Slicer 4.11.20210226\bin\python-real.exe -m pip install --upgrade pip' command.
[INFO][Stream] 07.12.2023 17:45:37 [] (unknown:0) - You should consider upgrading via the 'C:\Users\kevgi\AppData\Local\NA-MIC\Slicer 4.11.20210226\bin\python-real.exe -m pip install --upgrade pip' command.
[INFO][Python] 07.12.2023 17:45:38 [Python] (C:\Users\kevgi\AppData\Local\NA-MIC\Slicer 4.11.20210226\bin\Python\slicer\util.py:2813) - Requirement already satisfied: scikit-image in c:\users\kevgi\appdata\local\na-mic\slicer 4.11.20210226\lib\python\lib\site-packages (0.17.2)
[INFO][Stream] 07.12.2023 17:45:38 [] (unknown:0) - Requirement already satisfied: scikit-image in c:\users\kevgi\appdata\local\na-mic\slicer 4.11.20210226\lib\python\lib\site-packages (0.17.2)
[INFO][Python] 07.12.2023 17:45:38 [Python] (C:\Users\kevgi\AppData\Local\NA-MIC\Slicer 4.11.20210226\bin\Python\slicer\util.py:2813) - Requirement already satisfied: PyWavelets>=1.1.1 in c:\users\kevgi\appdata\local\na-mic\slicer 4.11.20210226\lib\python\lib\site-packages (from scikit-image) (1.1.1)
[INFO][Stream] 07.12.2023 17:45:38 [] (unknown:0) - Requirement already satisfied: PyWavelets>=1.1.1 in c:\users\kevgi\appdata\local\na-mic\slicer 4.11.20210226\lib\python\lib\site-packages (from scikit-image) (1.1.1)
[INFO][Python] 07.12.2023 17:45:38 [Python] (C:\Users\kevgi\AppData\Local\NA-MIC\Slicer 4.11.20210226\bin\Python\slicer\util.py:2813) - Requirement already satisfied: matplotlib!=3.0.0,>=2.0.0 in c:\users\kevgi\appdata\local\na-mic\slicer 4.11.20210226\lib\python\lib\site-packages (from scikit-image) (3.3.4)
[INFO][Stream] 07.12.2023 17:45:38 [] (unknown:0) - Requirement already satisfied: matplotlib!=3.0.0,>=2.0.0 in c:\users\kevgi\appdata\local\na-mic\slicer 4.11.20210226\lib\python\lib\site-packages (from scikit-image) (3.3.4)
[INFO][Python] 07.12.2023 17:45:38 [Python] (C:\Users\kevgi\AppData\Local\NA-MIC\Slicer 4.11.20210226\bin\Python\slicer\util.py:2813) - Requirement already satisfied: scipy>=1.0.1 in c:\users\kevgi\appdata\local\na-mic\slicer 4.11.20210226\lib\python\lib\site-packages (from scikit-image) (1.5.3)
[INFO][Stream] 07.12.2023 17:45:38 [] (unknown:0) - Requirement already satisfied: scipy>=1.0.1 in c:\users\kevgi\appdata\local\na-mic\slicer 4.11.20210226\lib\python\lib\site-packages (from scikit-image) (1.5.3)
[INFO][Python] 07.12.2023 17:45:38 [Python] (C:\Users\kevgi\AppData\Local\NA-MIC\Slicer 4.11.20210226\bin\Python\slicer\util.py:2813) - Requirement already satisfied: networkx>=2.0 in c:\users\kevgi\appdata\local\na-mic\slicer 4.11.20210226\lib\python\lib\site-packages (from scikit-image) (2.5.1)
[INFO][Stream] 07.12.2023 17:45:38 [] (unknown:0) - Requirement already satisfied: networkx>=2.0 in c:\users\kevgi\appdata\local\na-mic\slicer 4.11.20210226\lib\python\lib\site-packages (from scikit-image) (2.5.1)
[INFO][Python] 07.12.2023 17:45:38 [Python] (C:\Users\kevgi\AppData\Local\NA-MIC\Slicer 4.11.20210226\bin\Python\slicer\util.py:2813) - Requirement already satisfied: imageio>=2.3.0 in c:\users\kevgi\appdata\local\na-mic\slicer 4.11.20210226\lib\python\lib\site-packages (from scikit-image) (2.15.0)
[INFO][Stream] 07.12.2023 17:45:38 [] (unknown:0) - Requirement already satisfied: imageio>=2.3.0 in c:\users\kevgi\appdata\local\na-mic\slicer 4.11.20210226\lib\python\lib\site-packages (from scikit-image) (2.15.0)
[INFO][Python] 07.12.2023 17:45:38 [Python] (C:\Users\kevgi\AppData\Local\NA-MIC\Slicer 4.11.20210226\bin\Python\slicer\util.py:2813) - Requirement already satisfied: numpy>=1.15.1 in c:\users\kevgi\appdata\local\na-mic\slicer 4.11.20210226\lib\python\lib\site-packages (from scikit-image) (1.19.2)
[INFO][Stream] 07.12.2023 17:45:38 [] (unknown:0) - Requirement already satisfied: numpy>=1.15.1 in c:\users\kevgi\appdata\local\na-mic\slicer 4.11.20210226\lib\python\lib\site-packages (from scikit-image) (1.19.2)
[INFO][Python] 07.12.2023 17:45:38 [Python] (C:\Users\kevgi\AppData\Local\NA-MIC\Slicer 4.11.20210226\bin\Python\slicer\util.py:2813) - Requirement already satisfied: pillow!=7.1.0,!=7.1.1,>=4.3.0 in c:\users\kevgi\appdata\local\na-mic\slicer 4.11.20210226\lib\python\lib\site-packages (from scikit-image) (8.4.0)
[INFO][Stream] 07.12.2023 17:45:38 [] (unknown:0) - Requirement already satisfied: pillow!=7.1.0,!=7.1.1,>=4.3.0 in c:\users\kevgi\appdata\local\na-mic\slicer 4.11.20210226\lib\python\lib\site-packages (from scikit-image) (8.4.0)
[INFO][Python] 07.12.2023 17:45:38 [Python] (C:\Users\kevgi\AppData\Local\NA-MIC\Slicer 4.11.20210226\bin\Python\slicer\util.py:2813) - Requirement already satisfied: tifffile>=2019.7.26 in c:\users\kevgi\appdata\local\na-mic\slicer 4.11.20210226\lib\python\lib\site-packages (from scikit-image) (2020.9.3)
[INFO][Stream] 07.12.2023 17:45:38 [] (unknown:0) - Requirement already satisfied: tifffile>=2019.7.26 in c:\users\kevgi\appdata\local\na-mic\slicer 4.11.20210226\lib\python\lib\site-packages (from scikit-image) (2020.9.3)
[INFO][Python] 07.12.2023 17:45:38 [Python] (C:\Users\kevgi\AppData\Local\NA-MIC\Slicer 4.11.20210226\bin\Python\slicer\util.py:2813) - Requirement already satisfied: pyparsing!=2.0.4,!=2.1.2,!=2.1.6,>=2.0.3 in c:\users\kevgi\appdata\local\na-mic\slicer 4.11.20210226\lib\python\lib\site-packages (from matplotlib!=3.0.0,>=2.0.0->scikit-image) (2.4.7)
[INFO][Stream] 07.12.2023 17:45:38 [] (unknown:0) - Requirement already satisfied: pyparsing!=2.0.4,!=2.1.2,!=2.1.6,>=2.0.3 in c:\users\kevgi\appdata\local\na-mic\slicer 4.11.20210226\lib\python\lib\site-packages (from matplotlib!=3.0.0,>=2.0.0->scikit-image) (2.4.7)
[INFO][Python] 07.12.2023 17:45:38 [Python] (C:\Users\kevgi\AppData\Local\NA-MIC\Slicer 4.11.20210226\bin\Python\slicer\util.py:2813) - Requirement already satisfied: python-dateutil>=2.1 in c:\users\kevgi\appdata\local\na-mic\slicer 4.11.20210226\lib\python\lib\site-packages (from matplotlib!=3.0.0,>=2.0.0->scikit-image) (2.8.2)
[INFO][Stream] 07.12.2023 17:45:38 [] (unknown:0) - Requirement already satisfied: python-dateutil>=2.1 in c:\users\kevgi\appdata\local\na-mic\slicer 4.11.20210226\lib\python\lib\site-packages (from matplotlib!=3.0.0,>=2.0.0->scikit-image) (2.8.2)
[INFO][Python] 07.12.2023 17:45:38 [Python] (C:\Users\kevgi\AppData\Local\NA-MIC\Slicer 4.11.20210226\bin\Python\slicer\util.py:2813) - Requirement already satisfied: kiwisolver>=1.0.1 in c:\users\kevgi\appdata\local\na-mic\slicer 4.11.20210226\lib\python\lib\site-packages (from matplotlib!=3.0.0,>=2.0.0->scikit-image) (1.3.1)
[INFO][Stream] 07.12.2023 17:45:38 [] (unknown:0) - Requirement already satisfied: kiwisolver>=1.0.1 in c:\users\kevgi\appdata\local\na-mic\slicer 4.11.20210226\lib\python\lib\site-packages (from matplotlib!=3.0.0,>=2.0.0->scikit-image) (1.3.1)
[INFO][Python] 07.12.2023 17:45:38 [Python] (C:\Users\kevgi\AppData\Local\NA-MIC\Slicer 4.11.20210226\bin\Python\slicer\util.py:2813) - Requirement already satisfied: cycler>=0.10 in c:\users\kevgi\appdata\local\na-mic\slicer 4.11.20210226\lib\python\lib\site-packages (from matplotlib!=3.0.0,>=2.0.0->scikit-image) (0.11.0)
[INFO][Stream] 07.12.2023 17:45:38 [] (unknown:0) - Requirement already satisfied: cycler>=0.10 in c:\users\kevgi\appdata\local\na-mic\slicer 4.11.20210226\lib\python\lib\site-packages (from matplotlib!=3.0.0,>=2.0.0->scikit-image) (0.11.0)
[INFO][Python] 07.12.2023 17:45:38 [Python] (C:\Users\kevgi\AppData\Local\NA-MIC\Slicer 4.11.20210226\bin\Python\slicer\util.py:2813) - Requirement already satisfied: decorator<5,>=4.3 in c:\users\kevgi\appdata\local\na-mic\slicer 4.11.20210226\lib\python\lib\site-packages (from networkx>=2.0->scikit-image) (4.4.2)
[INFO][Stream] 07.12.2023 17:45:38 [] (unknown:0) - Requirement already satisfied: decorator<5,>=4.3 in c:\users\kevgi\appdata\local\na-mic\slicer 4.11.20210226\lib\python\lib\site-packages (from networkx>=2.0->scikit-image) (4.4.2)
[INFO][Python] 07.12.2023 17:45:38 [Python] (C:\Users\kevgi\AppData\Local\NA-MIC\Slicer 4.11.20210226\bin\Python\slicer\util.py:2813) - Requirement already satisfied: six>=1.5 in c:\users\kevgi\appdata\local\na-mic\slicer 4.11.20210226\lib\python\lib\site-packages (from python-dateutil>=2.1->matplotlib!=3.0.0,>=2.0.0->scikit-image) (1.15.0)
[INFO][Stream] 07.12.2023 17:45:38 [] (unknown:0) - Requirement already satisfied: six>=1.5 in c:\users\kevgi\appdata\local\na-mic\slicer 4.11.20210226\lib\python\lib\site-packages (from python-dateutil>=2.1->matplotlib!=3.0.0,>=2.0.0->scikit-image) (1.15.0)
[INFO][Python] 07.12.2023 17:45:39 [Python] (C:\Users\kevgi\AppData\Local\NA-MIC\Slicer 4.11.20210226\bin\Python\slicer\util.py:2813) - WARNING: You are using pip version 20.3.3; however, version 21.3.1 is available.
[INFO][Stream] 07.12.2023 17:45:39 [] (unknown:0) - WARNING: You are using pip version 20.3.3; however, version 21.3.1 is available.
[INFO][Python] 07.12.2023 17:45:39 [Python] (C:\Users\kevgi\AppData\Local\NA-MIC\Slicer 4.11.20210226\bin\Python\slicer\util.py:2813) - You should consider upgrading via the 'C:\Users\kevgi\AppData\Local\NA-MIC\Slicer 4.11.20210226\bin\python-real.exe -m pip install --upgrade pip' command.
[INFO][Stream] 07.12.2023 17:45:39 [] (unknown:0) - You should consider upgrading via the 'C:\Users\kevgi\AppData\Local\NA-MIC\Slicer 4.11.20210226\bin\python-real.exe -m pip install --upgrade pip' command.
[INFO][Python] 07.12.2023 17:45:40 [Python] (C:\Users\kevgi\AppData\Local\NA-MIC\Slicer 4.11.20210226\bin\Python\slicer\util.py:2813) - Requirement already satisfied: singleton-decorator in c:\users\kevgi\appdata\local\na-mic\slicer 4.11.20210226\lib\python\lib\site-packages (1.0.0)
[INFO][Stream] 07.12.2023 17:45:40 [] (unknown:0) - Requirement already satisfied: singleton-decorator in c:\users\kevgi\appdata\local\na-mic\slicer 4.11.20210226\lib\python\lib\site-packages (1.0.0)
[INFO][Python] 07.12.2023 17:45:40 [Python] (C:\Users\kevgi\AppData\Local\NA-MIC\Slicer 4.11.20210226\bin\Python\slicer\util.py:2813) - WARNING: You are using pip version 20.3.3; however, version 21.3.1 is available.
[INFO][Stream] 07.12.2023 17:45:40 [] (unknown:0) - WARNING: You are using pip version 20.3.3; however, version 21.3.1 is available.
[INFO][Python] 07.12.2023 17:45:40 [Python] (C:\Users\kevgi\AppData\Local\NA-MIC\Slicer 4.11.20210226\bin\Python\slicer\util.py:2813) - You should consider upgrading via the 'C:\Users\kevgi\AppData\Local\NA-MIC\Slicer 4.11.20210226\bin\python-real.exe -m pip install --upgrade pip' command.
[INFO][Stream] 07.12.2023 17:45:40 [] (unknown:0) - You should consider upgrading via the 'C:\Users\kevgi\AppData\Local\NA-MIC\Slicer 4.11.20210226\bin\python-real.exe -m pip install --upgrade pip' command.
[INFO][Python] 07.12.2023 17:45:41 [Python] (C:\Users\kevgi\AppData\Local\NA-MIC\Slicer 4.11.20210226\bin\Python\slicer\util.py:2813) - Requirement already satisfied: importlib-metadata in c:\users\kevgi\appdata\local\na-mic\slicer 4.11.20210226\lib\python\lib\site-packages (4.8.3)
[INFO][Stream] 07.12.2023 17:45:41 [] (unknown:0) - Requirement already satisfied: importlib-metadata in c:\users\kevgi\appdata\local\na-mic\slicer 4.11.20210226\lib\python\lib\site-packages (4.8.3)
[INFO][Python] 07.12.2023 17:45:41 [Python] (C:\Users\kevgi\AppData\Local\NA-MIC\Slicer 4.11.20210226\bin\Python\slicer\util.py:2813) - Requirement already satisfied: typing-extensions>=3.6.4 in c:\users\kevgi\appdata\local\na-mic\slicer 4.11.20210226\lib\python\lib\site-packages (from importlib-metadata) (4.1.1)
[INFO][Stream] 07.12.2023 17:45:41 [] (unknown:0) - Requirement already satisfied: typing-extensions>=3.6.4 in c:\users\kevgi\appdata\local\na-mic\slicer 4.11.20210226\lib\python\lib\site-packages (from importlib-metadata) (4.1.1)
[INFO][Python] 07.12.2023 17:45:41 [Python] (C:\Users\kevgi\AppData\Local\NA-MIC\Slicer 4.11.20210226\bin\Python\slicer\util.py:2813) - Requirement already satisfied: zipp>=0.5 in c:\users\kevgi\appdata\local\na-mic\slicer 4.11.20210226\lib\python\lib\site-packages (from importlib-metadata) (3.6.0)
[INFO][Stream] 07.12.2023 17:45:41 [] (unknown:0) - Requirement already satisfied: zipp>=0.5 in c:\users\kevgi\appdata\local\na-mic\slicer 4.11.20210226\lib\python\lib\site-packages (from importlib-metadata) (3.6.0)
[INFO][Python] 07.12.2023 17:45:42 [Python] (C:\Users\kevgi\AppData\Local\NA-MIC\Slicer 4.11.20210226\bin\Python\slicer\util.py:2813) - WARNING: You are using pip version 20.3.3; however, version 21.3.1 is available.
[INFO][Stream] 07.12.2023 17:45:42 [] (unknown:0) - WARNING: You are using pip version 20.3.3; however, version 21.3.1 is available.
[INFO][Python] 07.12.2023 17:45:42 [Python] (C:\Users\kevgi\AppData\Local\NA-MIC\Slicer 4.11.20210226\bin\Python\slicer\util.py:2813) - You should consider upgrading via the 'C:\Users\kevgi\AppData\Local\NA-MIC\Slicer 4.11.20210226\bin\python-real.exe -m pip install --upgrade pip' command.
[INFO][Stream] 07.12.2023 17:45:42 [] (unknown:0) - You should consider upgrading via the 'C:\Users\kevgi\AppData\Local\NA-MIC\Slicer 4.11.20210226\bin\python-real.exe -m pip install --upgrade pip' command.
[DEBUG][Python] 07.12.2023 17:45:42 [Python] (C:\Users\kevgi\AppData\Local\NA-MIC\Slicer 4.11.20210226\lib\Python\Lib\site-packages\sentry_sdk\scope.py:207) - [Tracing] Create new propagation context: {'trace_id': '0704442eee5c4744a8585f2cdfd840cb', 'span_id': '9783d92393aaa9a8', 'parent_span_id': None, 'dynamic_sampling_context': None}
[DEBUG][Python] 07.12.2023 17:45:42 [Python] (C:\Users\kevgi\AppData\Local\NA-MIC\Slicer 4.11.20210226\lib\Python\Lib\site-packages\pydicom\datadict.py:432) - Reversing DICOM dictionary so can look up tag from a keyword...
[INFO][Python] 07.12.2023 17:45:44 [Python] (C:\Users\kevgi\AppData\Local\NA-MIC\Slicer 4.11.20210226\bin\Python\slicer\util.py:2813) - Requirement already satisfied: pillow in c:\users\kevgi\appdata\local\na-mic\slicer 4.11.20210226\lib\python\lib\site-packages (8.4.0)
[CRITICAL][Stream] 07.12.2023 17:45:42 [] (unknown:0) - RuntimeError: qSlicerScriptedLoadableModule::setPythonSource - Failed to load scripted loadable module: class DisplacementKevin was not found in file C:/Users/kevgi/OneDrive - UBC/Kevin G's Thesis Files/mandible_reconstruction-main/ReconstructionWorkflow/DisplacementKevin.py
[CRITICAL][Qt] 07.12.2023 17:45:42 [] (unknown:0) - Fail to instantiate module  "DisplacementKevin"
[INFO][Stream] 07.12.2023 17:45:44 [] (unknown:0) - Requirement already satisfied: pillow in c:\users\kevgi\appdata\local\na-mic\slicer 4.11.20210226\lib\python\lib\site-packages (8.4.0)
[INFO][Python] 07.12.2023 17:45:44 [Python] (C:\Users\kevgi\AppData\Local\NA-MIC\Slicer 4.11.20210226\bin\Python\slicer\util.py:2813) - WARNING: You are using pip version 20.3.3; however, version 21.3.1 is available.
[INFO][Stream] 07.12.2023 17:45:44 [] (unknown:0) - WARNING: You are using pip version 20.3.3; however, version 21.3.1 is available.
[INFO][Python] 07.12.2023 17:45:44 [Python] (C:\Users\kevgi\AppData\Local\NA-MIC\Slicer 4.11.20210226\bin\Python\slicer\util.py:2813) - You should consider upgrading via the 'C:\Users\kevgi\AppData\Local\NA-MIC\Slicer 4.11.20210226\bin\python-real.exe -m pip install --upgrade pip' command.
[INFO][Stream] 07.12.2023 17:45:44 [] (unknown:0) - You should consider upgrading via the 'C:\Users\kevgi\AppData\Local\NA-MIC\Slicer 4.11.20210226\bin\python-real.exe -m pip install --upgrade pip' command.
[INFO][Python] 07.12.2023 17:45:45 [Python] (C:\Users\kevgi\AppData\Local\NA-MIC\Slicer 4.11.20210226\bin\Python\slicer\util.py:2813) - Requirement already satisfied: scikit-image in c:\users\kevgi\appdata\local\na-mic\slicer 4.11.20210226\lib\python\lib\site-packages (0.17.2)
[INFO][Stream] 07.12.2023 17:45:45 [] (unknown:0) - Requirement already satisfied: scikit-image in c:\users\kevgi\appdata\local\na-mic\slicer 4.11.20210226\lib\python\lib\site-packages (0.17.2)
[INFO][Python] 07.12.2023 17:45:45 [Python] (C:\Users\kevgi\AppData\Local\NA-MIC\Slicer 4.11.20210226\bin\Python\slicer\util.py:2813) - Requirement already satisfied: PyWavelets>=1.1.1 in c:\users\kevgi\appdata\local\na-mic\slicer 4.11.20210226\lib\python\lib\site-packages (from scikit-image) (1.1.1)
[INFO][Stream] 07.12.2023 17:45:45 [] (unknown:0) - Requirement already satisfied: PyWavelets>=1.1.1 in c:\users\kevgi\appdata\local\na-mic\slicer 4.11.20210226\lib\python\lib\site-packages (from scikit-image) (1.1.1)
[INFO][Python] 07.12.2023 17:45:45 [Python] (C:\Users\kevgi\AppData\Local\NA-MIC\Slicer 4.11.20210226\bin\Python\slicer\util.py:2813) - Requirement already satisfied: networkx>=2.0 in c:\users\kevgi\appdata\local\na-mic\slicer 4.11.20210226\lib\python\lib\site-packages (from scikit-image) (2.5.1)
[INFO][Stream] 07.12.2023 17:45:45 [] (unknown:0) - Requirement already satisfied: networkx>=2.0 in c:\users\kevgi\appdata\local\na-mic\slicer 4.11.20210226\lib\python\lib\site-packages (from scikit-image) (2.5.1)
[INFO][Python] 07.12.2023 17:45:45 [Python] (C:\Users\kevgi\AppData\Local\NA-MIC\Slicer 4.11.20210226\bin\Python\slicer\util.py:2813) - Requirement already satisfied: scipy>=1.0.1 in c:\users\kevgi\appdata\local\na-mic\slicer 4.11.20210226\lib\python\lib\site-packages (from scikit-image) (1.5.3)
[INFO][Stream] 07.12.2023 17:45:45 [] (unknown:0) - Requirement already satisfied: scipy>=1.0.1 in c:\users\kevgi\appdata\local\na-mic\slicer 4.11.20210226\lib\python\lib\site-packages (from scikit-image) (1.5.3)
[INFO][Python] 07.12.2023 17:45:45 [Python] (C:\Users\kevgi\AppData\Local\NA-MIC\Slicer 4.11.20210226\bin\Python\slicer\util.py:2813) - Requirement already satisfied: matplotlib!=3.0.0,>=2.0.0 in c:\users\kevgi\appdata\local\na-mic\slicer 4.11.20210226\lib\python\lib\site-packages (from scikit-image) (3.3.4)
[INFO][Stream] 07.12.2023 17:45:45 [] (unknown:0) - Requirement already satisfied: matplotlib!=3.0.0,>=2.0.0 in c:\users\kevgi\appdata\local\na-mic\slicer 4.11.20210226\lib\python\lib\site-packages (from scikit-image) (3.3.4)
[INFO][Python] 07.12.2023 17:45:45 [Python] (C:\Users\kevgi\AppData\Local\NA-MIC\Slicer 4.11.20210226\bin\Python\slicer\util.py:2813) - Requirement already satisfied: numpy>=1.15.1 in c:\users\kevgi\appdata\local\na-mic\slicer 4.11.20210226\lib\python\lib\site-packages (from scikit-image) (1.19.2)
[INFO][Stream] 07.12.2023 17:45:45 [] (unknown:0) - Requirement already satisfied: numpy>=1.15.1 in c:\users\kevgi\appdata\local\na-mic\slicer 4.11.20210226\lib\python\lib\site-packages (from scikit-image) (1.19.2)
[INFO][Python] 07.12.2023 17:45:45 [Python] (C:\Users\kevgi\AppData\Local\NA-MIC\Slicer 4.11.20210226\bin\Python\slicer\util.py:2813) - Requirement already satisfied: tifffile>=2019.7.26 in c:\users\kevgi\appdata\local\na-mic\slicer 4.11.20210226\lib\python\lib\site-packages (from scikit-image) (2020.9.3)
[INFO][Stream] 07.12.2023 17:45:45 [] (unknown:0) - Requirement already satisfied: tifffile>=2019.7.26 in c:\users\kevgi\appdata\local\na-mic\slicer 4.11.20210226\lib\python\lib\site-packages (from scikit-image) (2020.9.3)
[INFO][Python] 07.12.2023 17:45:45 [Python] (C:\Users\kevgi\AppData\Local\NA-MIC\Slicer 4.11.20210226\bin\Python\slicer\util.py:2813) - Requirement already satisfied: imageio>=2.3.0 in c:\users\kevgi\appdata\local\na-mic\slicer 4.11.20210226\lib\python\lib\site-packages (from scikit-image) (2.15.0)
[INFO][Stream] 07.12.2023 17:45:45 [] (unknown:0) - Requirement already satisfied: imageio>=2.3.0 in c:\users\kevgi\appdata\local\na-mic\slicer 4.11.20210226\lib\python\lib\site-packages (from scikit-image) (2.15.0)
[INFO][Python] 07.12.2023 17:45:45 [Python] (C:\Users\kevgi\AppData\Local\NA-MIC\Slicer 4.11.20210226\bin\Python\slicer\util.py:2813) - Requirement already satisfied: pillow!=7.1.0,!=7.1.1,>=4.3.0 in c:\users\kevgi\appdata\local\na-mic\slicer 4.11.20210226\lib\python\lib\site-packages (from scikit-image) (8.4.0)
[INFO][Stream] 07.12.2023 17:45:45 [] (unknown:0) - Requirement already satisfied: pillow!=7.1.0,!=7.1.1,>=4.3.0 in c:\users\kevgi\appdata\local\na-mic\slicer 4.11.20210226\lib\python\lib\site-packages (from scikit-image) (8.4.0)
[INFO][Python] 07.12.2023 17:45:45 [Python] (C:\Users\kevgi\AppData\Local\NA-MIC\Slicer 4.11.20210226\bin\Python\slicer\util.py:2813) - Requirement already satisfied: pyparsing!=2.0.4,!=2.1.2,!=2.1.6,>=2.0.3 in c:\users\kevgi\appdata\local\na-mic\slicer 4.11.20210226\lib\python\lib\site-packages (from matplotlib!=3.0.0,>=2.0.0->scikit-image) (2.4.7)
[INFO][Stream] 07.12.2023 17:45:45 [] (unknown:0) - Requirement already satisfied: pyparsing!=2.0.4,!=2.1.2,!=2.1.6,>=2.0.3 in c:\users\kevgi\appdata\local\na-mic\slicer 4.11.20210226\lib\python\lib\site-packages (from matplotlib!=3.0.0,>=2.0.0->scikit-image) (2.4.7)
[INFO][Python] 07.12.2023 17:45:45 [Python] (C:\Users\kevgi\AppData\Local\NA-MIC\Slicer 4.11.20210226\bin\Python\slicer\util.py:2813) - Requirement already satisfied: kiwisolver>=1.0.1 in c:\users\kevgi\appdata\local\na-mic\slicer 4.11.20210226\lib\python\lib\site-packages (from matplotlib!=3.0.0,>=2.0.0->scikit-image) (1.3.1)
[INFO][Stream] 07.12.2023 17:45:45 [] (unknown:0) - Requirement already satisfied: kiwisolver>=1.0.1 in c:\users\kevgi\appdata\local\na-mic\slicer 4.11.20210226\lib\python\lib\site-packages (from matplotlib!=3.0.0,>=2.0.0->scikit-image) (1.3.1)
[INFO][Python] 07.12.2023 17:45:45 [Python] (C:\Users\kevgi\AppData\Local\NA-MIC\Slicer 4.11.20210226\bin\Python\slicer\util.py:2813) - Requirement already satisfied: cycler>=0.10 in c:\users\kevgi\appdata\local\na-mic\slicer 4.11.20210226\lib\python\lib\site-packages (from matplotlib!=3.0.0,>=2.0.0->scikit-image) (0.11.0)
[INFO][Stream] 07.12.2023 17:45:45 [] (unknown:0) - Requirement already satisfied: cycler>=0.10 in c:\users\kevgi\appdata\local\na-mic\slicer 4.11.20210226\lib\python\lib\site-packages (from matplotlib!=3.0.0,>=2.0.0->scikit-image) (0.11.0)
[INFO][Python] 07.12.2023 17:45:45 [Python] (C:\Users\kevgi\AppData\Local\NA-MIC\Slicer 4.11.20210226\bin\Python\slicer\util.py:2813) - Requirement already satisfied: python-dateutil>=2.1 in c:\users\kevgi\appdata\local\na-mic\slicer 4.11.20210226\lib\python\lib\site-packages (from matplotlib!=3.0.0,>=2.0.0->scikit-image) (2.8.2)
[INFO][Stream] 07.12.2023 17:45:45 [] (unknown:0) - Requirement already satisfied: python-dateutil>=2.1 in c:\users\kevgi\appdata\local\na-mic\slicer 4.11.20210226\lib\python\lib\site-packages (from matplotlib!=3.0.0,>=2.0.0->scikit-image) (2.8.2)
[INFO][Python] 07.12.2023 17:45:45 [Python] (C:\Users\kevgi\AppData\Local\NA-MIC\Slicer 4.11.20210226\bin\Python\slicer\util.py:2813) - Requirement already satisfied: decorator<5,>=4.3 in c:\users\kevgi\appdata\local\na-mic\slicer 4.11.20210226\lib\python\lib\site-packages (from networkx>=2.0->scikit-image) (4.4.2)
[INFO][Stream] 07.12.2023 17:45:45 [] (unknown:0) - Requirement already satisfied: decorator<5,>=4.3 in c:\users\kevgi\appdata\local\na-mic\slicer 4.11.20210226\lib\python\lib\site-packages (from networkx>=2.0->scikit-image) (4.4.2)
[INFO][Python] 07.12.2023 17:45:45 [Python] (C:\Users\kevgi\AppData\Local\NA-MIC\Slicer 4.11.20210226\bin\Python\slicer\util.py:2813) - Requirement already satisfied: six>=1.5 in c:\users\kevgi\appdata\local\na-mic\slicer 4.11.20210226\lib\python\lib\site-packages (from python-dateutil>=2.1->matplotlib!=3.0.0,>=2.0.0->scikit-image) (1.15.0)
[INFO][Stream] 07.12.2023 17:45:45 [] (unknown:0) - Requirement already satisfied: six>=1.5 in c:\users\kevgi\appdata\local\na-mic\slicer 4.11.20210226\lib\python\lib\site-packages (from python-dateutil>=2.1->matplotlib!=3.0.0,>=2.0.0->scikit-image) (1.15.0)
[INFO][Python] 07.12.2023 17:45:46 [Python] (C:\Users\kevgi\AppData\Local\NA-MIC\Slicer 4.11.20210226\bin\Python\slicer\util.py:2813) - WARNING: You are using pip version 20.3.3; however, version 21.3.1 is available.
[INFO][Stream] 07.12.2023 17:45:46 [] (unknown:0) - WARNING: You are using pip version 20.3.3; however, version 21.3.1 is available.
[INFO][Python] 07.12.2023 17:45:46 [Python] (C:\Users\kevgi\AppData\Local\NA-MIC\Slicer 4.11.20210226\bin\Python\slicer\util.py:2813) - You should consider upgrading via the 'C:\Users\kevgi\AppData\Local\NA-MIC\Slicer 4.11.20210226\bin\python-real.exe -m pip install --upgrade pip' command.
[INFO][Stream] 07.12.2023 17:45:46 [] (unknown:0) - You should consider upgrading via the 'C:\Users\kevgi\AppData\Local\NA-MIC\Slicer 4.11.20210226\bin\python-real.exe -m pip install --upgrade pip' command.
[INFO][Python] 07.12.2023 17:45:47 [Python] (C:\Users\kevgi\AppData\Local\NA-MIC\Slicer 4.11.20210226\bin\Python\slicer\util.py:2813) - Requirement already satisfied: singleton-decorator in c:\users\kevgi\appdata\local\na-mic\slicer 4.11.20210226\lib\python\lib\site-packages (1.0.0)
[INFO][Stream] 07.12.2023 17:45:47 [] (unknown:0) - Requirement already satisfied: singleton-decorator in c:\users\kevgi\appdata\local\na-mic\slicer 4.11.20210226\lib\python\lib\site-packages (1.0.0)
[INFO][Python] 07.12.2023 17:45:48 [Python] (C:\Users\kevgi\AppData\Local\NA-MIC\Slicer 4.11.20210226\bin\Python\slicer\util.py:2813) - WARNING: You are using pip version 20.3.3; however, version 21.3.1 is available.
[INFO][Stream] 07.12.2023 17:45:48 [] (unknown:0) - WARNING: You are using pip version 20.3.3; however, version 21.3.1 is available.
[INFO][Python] 07.12.2023 17:45:48 [Python] (C:\Users\kevgi\AppData\Local\NA-MIC\Slicer 4.11.20210226\bin\Python\slicer\util.py:2813) - You should consider upgrading via the 'C:\Users\kevgi\AppData\Local\NA-MIC\Slicer 4.11.20210226\bin\python-real.exe -m pip install --upgrade pip' command.
[INFO][Stream] 07.12.2023 17:45:48 [] (unknown:0) - You should consider upgrading via the 'C:\Users\kevgi\AppData\Local\NA-MIC\Slicer 4.11.20210226\bin\python-real.exe -m pip install --upgrade pip' command.
[INFO][Python] 07.12.2023 17:45:49 [Python] (C:\Users\kevgi\AppData\Local\NA-MIC\Slicer 4.11.20210226\bin\Python\slicer\util.py:2813) - Requirement already satisfied: importlib-metadata in c:\users\kevgi\appdata\local\na-mic\slicer 4.11.20210226\lib\python\lib\site-packages (4.8.3)
[INFO][Stream] 07.12.2023 17:45:49 [] (unknown:0) - Requirement already satisfied: importlib-metadata in c:\users\kevgi\appdata\local\na-mic\slicer 4.11.20210226\lib\python\lib\site-packages (4.8.3)
[INFO][Python] 07.12.2023 17:45:49 [Python] (C:\Users\kevgi\AppData\Local\NA-MIC\Slicer 4.11.20210226\bin\Python\slicer\util.py:2813) - Requirement already satisfied: zipp>=0.5 in c:\users\kevgi\appdata\local\na-mic\slicer 4.11.20210226\lib\python\lib\site-packages (from importlib-metadata) (3.6.0)
[INFO][Stream] 07.12.2023 17:45:49 [] (unknown:0) - Requirement already satisfied: zipp>=0.5 in c:\users\kevgi\appdata\local\na-mic\slicer 4.11.20210226\lib\python\lib\site-packages (from importlib-metadata) (3.6.0)
[INFO][Python] 07.12.2023 17:45:49 [Python] (C:\Users\kevgi\AppData\Local\NA-MIC\Slicer 4.11.20210226\bin\Python\slicer\util.py:2813) - Requirement already satisfied: typing-extensions>=3.6.4 in c:\users\kevgi\appdata\local\na-mic\slicer 4.11.20210226\lib\python\lib\site-packages (from importlib-metadata) (4.1.1)
[INFO][Stream] 07.12.2023 17:45:49 [] (unknown:0) - Requirement already satisfied: typing-extensions>=3.6.4 in c:\users\kevgi\appdata\local\na-mic\slicer 4.11.20210226\lib\python\lib\site-packages (from importlib-metadata) (4.1.1)
[INFO][Python] 07.12.2023 17:45:49 [Python] (C:\Users\kevgi\AppData\Local\NA-MIC\Slicer 4.11.20210226\bin\Python\slicer\util.py:2813) - WARNING: You are using pip version 20.3.3; however, version 21.3.1 is available.
[INFO][Stream] 07.12.2023 17:45:49 [] (unknown:0) - WARNING: You are using pip version 20.3.3; however, version 21.3.1 is available.
[INFO][Python] 07.12.2023 17:45:49 [Python] (C:\Users\kevgi\AppData\Local\NA-MIC\Slicer 4.11.20210226\bin\Python\slicer\util.py:2813) - You should consider upgrading via the 'C:\Users\kevgi\AppData\Local\NA-MIC\Slicer 4.11.20210226\bin\python-real.exe -m pip install --upgrade pip' command.
[INFO][Stream] 07.12.2023 17:45:49 [] (unknown:0) - You should consider upgrading via the 'C:\Users\kevgi\AppData\Local\NA-MIC\Slicer 4.11.20210226\bin\python-real.exe -m pip install --upgrade pip' command.
[INFO][Python] 07.12.2023 17:45:50 [Python] (C:\Users\kevgi\AppData\Local\NA-MIC\Slicer 4.11.20210226\bin\Python\slicer\util.py:2813) - Requirement already satisfied: pillow in c:\users\kevgi\appdata\local\na-mic\slicer 4.11.20210226\lib\python\lib\site-packages (8.4.0)
[CRITICAL][Stream] 07.12.2023 17:45:50 [] (unknown:0) - TypeError: __init__() missing 9 required positional arguments: 'X2', 'X3', 'X4', 'Y1', 'Y2', 'Y3', 'Y4', 'H', and 'D'
[CRITICAL][Qt] 07.12.2023 17:45:50 [] (unknown:0) - qSlicerPythonCppAPI::instantiateClass  - [ "InverseKin" ] - Failed to instantiate scripted pythonqt class "InverseKin" 0x1b657eaeea8
[CRITICAL][Qt] 07.12.2023 17:45:50 [] (unknown:0) - Fail to instantiate module  "InverseKin"
[CRITICAL][Stream] 07.12.2023 17:45:50 [] (unknown:0) - RuntimeError: qSlicerScriptedLoadableModule::setPythonSource - Failed to load scripted loadable module: class ManageReconstruction was not found in file C:/Users/kevgi/OneDrive - UBC/Kevin G's Thesis Files/mandible_reconstruction-main/ReconstructionWorkflow/ManageReconstruction.py
[CRITICAL][Qt] 07.12.2023 17:45:50 [] (unknown:0) - Fail to instantiate module  "ManageReconstruction"
[CRITICAL][Stream] 07.12.2023 17:45:50 [] (unknown:0) - RuntimeError: qSlicerScriptedLoadableModule::setPythonSource - Failed to load scripted loadable module: class ManageRegistration was not found in file C:/Users/kevgi/OneDrive - UBC/Kevin G's Thesis Files/mandible_reconstruction-main/ReconstructionWorkflow/ManageRegistration.py
[CRITICAL][Qt] 07.12.2023 17:45:50 [] (unknown:0) - Fail to instantiate module  "ManageRegistration"
[CRITICAL][Stream] 07.12.2023 17:45:50 [] (unknown:0) - RuntimeError: qSlicerScriptedLoadableModule::setPythonSource - Failed to load scripted loadable module: class ManageSlicer was not found in file C:/Users/kevgi/OneDrive - UBC/Kevin G's Thesis Files/mandible_reconstruction-main/ReconstructionWorkflow/ManageSlicer.py
[CRITICAL][Qt] 07.12.2023 17:45:50 [] (unknown:0) - Fail to instantiate module  "ManageSlicer"
[CRITICAL][Stream] 07.12.2023 17:45:50 [] (unknown:0) - RuntimeError: qSlicerScriptedLoadableModule::setPythonSource - Failed to load scripted loadable module: class ManageUI was not found in file C:/Users/kevgi/OneDrive - UBC/Kevin G's Thesis Files/mandible_reconstruction-main/ReconstructionWorkflow/ManageUI.py
[CRITICAL][Qt] 07.12.2023 17:45:50 [] (unknown:0) - Fail to instantiate module  "ManageUI"
[INFO][Stream] 07.12.2023 17:45:50 [] (unknown:0) - Requirement already satisfied: pillow in c:\users\kevgi\appdata\local\na-mic\slicer 4.11.20210226\lib\python\lib\site-packages (8.4.0)
[INFO][Python] 07.12.2023 17:45:51 [Python] (C:\Users\kevgi\AppData\Local\NA-MIC\Slicer 4.11.20210226\bin\Python\slicer\util.py:2813) - WARNING: You are using pip version 20.3.3; however, version 21.3.1 is available.
[INFO][Stream] 07.12.2023 17:45:51 [] (unknown:0) - WARNING: You are using pip version 20.3.3; however, version 21.3.1 is available.
[INFO][Python] 07.12.2023 17:45:51 [Python] (C:\Users\kevgi\AppData\Local\NA-MIC\Slicer 4.11.20210226\bin\Python\slicer\util.py:2813) - You should consider upgrading via the 'C:\Users\kevgi\AppData\Local\NA-MIC\Slicer 4.11.20210226\bin\python-real.exe -m pip install --upgrade pip' command.
[INFO][Stream] 07.12.2023 17:45:51 [] (unknown:0) - You should consider upgrading via the 'C:\Users\kevgi\AppData\Local\NA-MIC\Slicer 4.11.20210226\bin\python-real.exe -m pip install --upgrade pip' command.
[INFO][Python] 07.12.2023 17:45:52 [Python] (C:\Users\kevgi\AppData\Local\NA-MIC\Slicer 4.11.20210226\bin\Python\slicer\util.py:2813) - Requirement already satisfied: scikit-image in c:\users\kevgi\appdata\local\na-mic\slicer 4.11.20210226\lib\python\lib\site-packages (0.17.2)
[INFO][Stream] 07.12.2023 17:45:52 [] (unknown:0) - Requirement already satisfied: scikit-image in c:\users\kevgi\appdata\local\na-mic\slicer 4.11.20210226\lib\python\lib\site-packages (0.17.2)
[INFO][Python] 07.12.2023 17:45:52 [Python] (C:\Users\kevgi\AppData\Local\NA-MIC\Slicer 4.11.20210226\bin\Python\slicer\util.py:2813) - Requirement already satisfied: scipy>=1.0.1 in c:\users\kevgi\appdata\local\na-mic\slicer 4.11.20210226\lib\python\lib\site-packages (from scikit-image) (1.5.3)
[INFO][Stream] 07.12.2023 17:45:52 [] (unknown:0) - Requirement already satisfied: scipy>=1.0.1 in c:\users\kevgi\appdata\local\na-mic\slicer 4.11.20210226\lib\python\lib\site-packages (from scikit-image) (1.5.3)
[INFO][Python] 07.12.2023 17:45:52 [Python] (C:\Users\kevgi\AppData\Local\NA-MIC\Slicer 4.11.20210226\bin\Python\slicer\util.py:2813) - Requirement already satisfied: numpy>=1.15.1 in c:\users\kevgi\appdata\local\na-mic\slicer 4.11.20210226\lib\python\lib\site-packages (from scikit-image) (1.19.2)
[INFO][Stream] 07.12.2023 17:45:52 [] (unknown:0) - Requirement already satisfied: numpy>=1.15.1 in c:\users\kevgi\appdata\local\na-mic\slicer 4.11.20210226\lib\python\lib\site-packages (from scikit-image) (1.19.2)
[INFO][Python] 07.12.2023 17:45:52 [Python] (C:\Users\kevgi\AppData\Local\NA-MIC\Slicer 4.11.20210226\bin\Python\slicer\util.py:2813) - Requirement already satisfied: pillow!=7.1.0,!=7.1.1,>=4.3.0 in c:\users\kevgi\appdata\local\na-mic\slicer 4.11.20210226\lib\python\lib\site-packages (from scikit-image) (8.4.0)
[INFO][Stream] 07.12.2023 17:45:52 [] (unknown:0) - Requirement already satisfied: pillow!=7.1.0,!=7.1.1,>=4.3.0 in c:\users\kevgi\appdata\local\na-mic\slicer 4.11.20210226\lib\python\lib\site-packages (from scikit-image) (8.4.0)
[INFO][Python] 07.12.2023 17:45:52 [Python] (C:\Users\kevgi\AppData\Local\NA-MIC\Slicer 4.11.20210226\bin\Python\slicer\util.py:2813) - Requirement already satisfied: networkx>=2.0 in c:\users\kevgi\appdata\local\na-mic\slicer 4.11.20210226\lib\python\lib\site-packages (from scikit-image) (2.5.1)
[INFO][Stream] 07.12.2023 17:45:52 [] (unknown:0) - Requirement already satisfied: networkx>=2.0 in c:\users\kevgi\appdata\local\na-mic\slicer 4.11.20210226\lib\python\lib\site-packages (from scikit-image) (2.5.1)
[INFO][Python] 07.12.2023 17:45:52 [Python] (C:\Users\kevgi\AppData\Local\NA-MIC\Slicer 4.11.20210226\bin\Python\slicer\util.py:2813) - Requirement already satisfied: matplotlib!=3.0.0,>=2.0.0 in c:\users\kevgi\appdata\local\na-mic\slicer 4.11.20210226\lib\python\lib\site-packages (from scikit-image) (3.3.4)
[INFO][Stream] 07.12.2023 17:45:52 [] (unknown:0) - Requirement already satisfied: matplotlib!=3.0.0,>=2.0.0 in c:\users\kevgi\appdata\local\na-mic\slicer 4.11.20210226\lib\python\lib\site-packages (from scikit-image) (3.3.4)
[INFO][Python] 07.12.2023 17:45:52 [Python] (C:\Users\kevgi\AppData\Local\NA-MIC\Slicer 4.11.20210226\bin\Python\slicer\util.py:2813) - Requirement already satisfied: tifffile>=2019.7.26 in c:\users\kevgi\appdata\local\na-mic\slicer 4.11.20210226\lib\python\lib\site-packages (from scikit-image) (2020.9.3)
[INFO][Stream] 07.12.2023 17:45:52 [] (unknown:0) - Requirement already satisfied: tifffile>=2019.7.26 in c:\users\kevgi\appdata\local\na-mic\slicer 4.11.20210226\lib\python\lib\site-packages (from scikit-image) (2020.9.3)
[INFO][Python] 07.12.2023 17:45:52 [Python] (C:\Users\kevgi\AppData\Local\NA-MIC\Slicer 4.11.20210226\bin\Python\slicer\util.py:2813) - Requirement already satisfied: imageio>=2.3.0 in c:\users\kevgi\appdata\local\na-mic\slicer 4.11.20210226\lib\python\lib\site-packages (from scikit-image) (2.15.0)
[INFO][Stream] 07.12.2023 17:45:52 [] (unknown:0) - Requirement already satisfied: imageio>=2.3.0 in c:\users\kevgi\appdata\local\na-mic\slicer 4.11.20210226\lib\python\lib\site-packages (from scikit-image) (2.15.0)
[INFO][Python] 07.12.2023 17:45:52 [Python] (C:\Users\kevgi\AppData\Local\NA-MIC\Slicer 4.11.20210226\bin\Python\slicer\util.py:2813) - Requirement already satisfied: PyWavelets>=1.1.1 in c:\users\kevgi\appdata\local\na-mic\slicer 4.11.20210226\lib\python\lib\site-packages (from scikit-image) (1.1.1)
[INFO][Stream] 07.12.2023 17:45:52 [] (unknown:0) - Requirement already satisfied: PyWavelets>=1.1.1 in c:\users\kevgi\appdata\local\na-mic\slicer 4.11.20210226\lib\python\lib\site-packages (from scikit-image) (1.1.1)
[INFO][Python] 07.12.2023 17:45:52 [Python] (C:\Users\kevgi\AppData\Local\NA-MIC\Slicer 4.11.20210226\bin\Python\slicer\util.py:2813) - Requirement already satisfied: kiwisolver>=1.0.1 in c:\users\kevgi\appdata\local\na-mic\slicer 4.11.20210226\lib\python\lib\site-packages (from matplotlib!=3.0.0,>=2.0.0->scikit-image) (1.3.1)
[INFO][Stream] 07.12.2023 17:45:52 [] (unknown:0) - Requirement already satisfied: kiwisolver>=1.0.1 in c:\users\kevgi\appdata\local\na-mic\slicer 4.11.20210226\lib\python\lib\site-packages (from matplotlib!=3.0.0,>=2.0.0->scikit-image) (1.3.1)
[INFO][Python] 07.12.2023 17:45:52 [Python] (C:\Users\kevgi\AppData\Local\NA-MIC\Slicer 4.11.20210226\bin\Python\slicer\util.py:2813) - Requirement already satisfied: pyparsing!=2.0.4,!=2.1.2,!=2.1.6,>=2.0.3 in c:\users\kevgi\appdata\local\na-mic\slicer 4.11.20210226\lib\python\lib\site-packages (from matplotlib!=3.0.0,>=2.0.0->scikit-image) (2.4.7)
[INFO][Stream] 07.12.2023 17:45:52 [] (unknown:0) - Requirement already satisfied: pyparsing!=2.0.4,!=2.1.2,!=2.1.6,>=2.0.3 in c:\users\kevgi\appdata\local\na-mic\slicer 4.11.20210226\lib\python\lib\site-packages (from matplotlib!=3.0.0,>=2.0.0->scikit-image) (2.4.7)
[INFO][Python] 07.12.2023 17:45:52 [Python] (C:\Users\kevgi\AppData\Local\NA-MIC\Slicer 4.11.20210226\bin\Python\slicer\util.py:2813) - Requirement already satisfied: cycler>=0.10 in c:\users\kevgi\appdata\local\na-mic\slicer 4.11.20210226\lib\python\lib\site-packages (from matplotlib!=3.0.0,>=2.0.0->scikit-image) (0.11.0)
[INFO][Stream] 07.12.2023 17:45:52 [] (unknown:0) - Requirement already satisfied: cycler>=0.10 in c:\users\kevgi\appdata\local\na-mic\slicer 4.11.20210226\lib\python\lib\site-packages (from matplotlib!=3.0.0,>=2.0.0->scikit-image) (0.11.0)
[INFO][Python] 07.12.2023 17:45:52 [Python] (C:\Users\kevgi\AppData\Local\NA-MIC\Slicer 4.11.20210226\bin\Python\slicer\util.py:2813) - Requirement already satisfied: python-dateutil>=2.1 in c:\users\kevgi\appdata\local\na-mic\slicer 4.11.20210226\lib\python\lib\site-packages (from matplotlib!=3.0.0,>=2.0.0->scikit-image) (2.8.2)
[INFO][Stream] 07.12.2023 17:45:52 [] (unknown:0) - Requirement already satisfied: python-dateutil>=2.1 in c:\users\kevgi\appdata\local\na-mic\slicer 4.11.20210226\lib\python\lib\site-packages (from matplotlib!=3.0.0,>=2.0.0->scikit-image) (2.8.2)
[INFO][Python] 07.12.2023 17:45:52 [Python] (C:\Users\kevgi\AppData\Local\NA-MIC\Slicer 4.11.20210226\bin\Python\slicer\util.py:2813) - Requirement already satisfied: decorator<5,>=4.3 in c:\users\kevgi\appdata\local\na-mic\slicer 4.11.20210226\lib\python\lib\site-packages (from networkx>=2.0->scikit-image) (4.4.2)
[INFO][Stream] 07.12.2023 17:45:52 [] (unknown:0) - Requirement already satisfied: decorator<5,>=4.3 in c:\users\kevgi\appdata\local\na-mic\slicer 4.11.20210226\lib\python\lib\site-packages (from networkx>=2.0->scikit-image) (4.4.2)
[INFO][Python] 07.12.2023 17:45:52 [Python] (C:\Users\kevgi\AppData\Local\NA-MIC\Slicer 4.11.20210226\bin\Python\slicer\util.py:2813) - Requirement already satisfied: six>=1.5 in c:\users\kevgi\appdata\local\na-mic\slicer 4.11.20210226\lib\python\lib\site-packages (from python-dateutil>=2.1->matplotlib!=3.0.0,>=2.0.0->scikit-image) (1.15.0)
[INFO][Stream] 07.12.2023 17:45:52 [] (unknown:0) - Requirement already satisfied: six>=1.5 in c:\users\kevgi\appdata\local\na-mic\slicer 4.11.20210226\lib\python\lib\site-packages (from python-dateutil>=2.1->matplotlib!=3.0.0,>=2.0.0->scikit-image) (1.15.0)
[INFO][Python] 07.12.2023 17:45:52 [Python] (C:\Users\kevgi\AppData\Local\NA-MIC\Slicer 4.11.20210226\bin\Python\slicer\util.py:2813) - WARNING: You are using pip version 20.3.3; however, version 21.3.1 is available.
[INFO][Stream] 07.12.2023 17:45:52 [] (unknown:0) - WARNING: You are using pip version 20.3.3; however, version 21.3.1 is available.
[INFO][Python] 07.12.2023 17:45:52 [Python] (C:\Users\kevgi\AppData\Local\NA-MIC\Slicer 4.11.20210226\bin\Python\slicer\util.py:2813) - You should consider upgrading via the 'C:\Users\kevgi\AppData\Local\NA-MIC\Slicer 4.11.20210226\bin\python-real.exe -m pip install --upgrade pip' command.
[INFO][Stream] 07.12.2023 17:45:52 [] (unknown:0) - You should consider upgrading via the 'C:\Users\kevgi\AppData\Local\NA-MIC\Slicer 4.11.20210226\bin\python-real.exe -m pip install --upgrade pip' command.
[INFO][Python] 07.12.2023 17:45:53 [Python] (C:\Users\kevgi\AppData\Local\NA-MIC\Slicer 4.11.20210226\bin\Python\slicer\util.py:2813) - Requirement already satisfied: singleton-decorator in c:\users\kevgi\appdata\local\na-mic\slicer 4.11.20210226\lib\python\lib\site-packages (1.0.0)
[INFO][Stream] 07.12.2023 17:45:53 [] (unknown:0) - Requirement already satisfied: singleton-decorator in c:\users\kevgi\appdata\local\na-mic\slicer 4.11.20210226\lib\python\lib\site-packages (1.0.0)
[INFO][Python] 07.12.2023 17:45:54 [Python] (C:\Users\kevgi\AppData\Local\NA-MIC\Slicer 4.11.20210226\bin\Python\slicer\util.py:2813) - WARNING: You are using pip version 20.3.3; however, version 21.3.1 is available.
[INFO][Stream] 07.12.2023 17:45:54 [] (unknown:0) - WARNING: You are using pip version 20.3.3; however, version 21.3.1 is available.
[INFO][Python] 07.12.2023 17:45:54 [Python] (C:\Users\kevgi\AppData\Local\NA-MIC\Slicer 4.11.20210226\bin\Python\slicer\util.py:2813) - You should consider upgrading via the 'C:\Users\kevgi\AppData\Local\NA-MIC\Slicer 4.11.20210226\bin\python-real.exe -m pip install --upgrade pip' command.
[INFO][Stream] 07.12.2023 17:45:54 [] (unknown:0) - You should consider upgrading via the 'C:\Users\kevgi\AppData\Local\NA-MIC\Slicer 4.11.20210226\bin\python-real.exe -m pip install --upgrade pip' command.
[INFO][Python] 07.12.2023 17:45:55 [Python] (C:\Users\kevgi\AppData\Local\NA-MIC\Slicer 4.11.20210226\bin\Python\slicer\util.py:2813) - Requirement already satisfied: importlib-metadata in c:\users\kevgi\appdata\local\na-mic\slicer 4.11.20210226\lib\python\lib\site-packages (4.8.3)
[INFO][Stream] 07.12.2023 17:45:55 [] (unknown:0) - Requirement already satisfied: importlib-metadata in c:\users\kevgi\appdata\local\na-mic\slicer 4.11.20210226\lib\python\lib\site-packages (4.8.3)
[INFO][Python] 07.12.2023 17:45:55 [Python] (C:\Users\kevgi\AppData\Local\NA-MIC\Slicer 4.11.20210226\bin\Python\slicer\util.py:2813) - Requirement already satisfied: typing-extensions>=3.6.4 in c:\users\kevgi\appdata\local\na-mic\slicer 4.11.20210226\lib\python\lib\site-packages (from importlib-metadata) (4.1.1)
[INFO][Stream] 07.12.2023 17:45:55 [] (unknown:0) - Requirement already satisfied: typing-extensions>=3.6.4 in c:\users\kevgi\appdata\local\na-mic\slicer 4.11.20210226\lib\python\lib\site-packages (from importlib-metadata) (4.1.1)
[INFO][Python] 07.12.2023 17:45:55 [Python] (C:\Users\kevgi\AppData\Local\NA-MIC\Slicer 4.11.20210226\bin\Python\slicer\util.py:2813) - Requirement already satisfied: zipp>=0.5 in c:\users\kevgi\appdata\local\na-mic\slicer 4.11.20210226\lib\python\lib\site-packages (from importlib-metadata) (3.6.0)
[INFO][Stream] 07.12.2023 17:45:55 [] (unknown:0) - Requirement already satisfied: zipp>=0.5 in c:\users\kevgi\appdata\local\na-mic\slicer 4.11.20210226\lib\python\lib\site-packages (from importlib-metadata) (3.6.0)
[INFO][Python] 07.12.2023 17:45:55 [Python] (C:\Users\kevgi\AppData\Local\NA-MIC\Slicer 4.11.20210226\bin\Python\slicer\util.py:2813) - WARNING: You are using pip version 20.3.3; however, version 21.3.1 is available.
[INFO][Stream] 07.12.2023 17:45:55 [] (unknown:0) - WARNING: You are using pip version 20.3.3; however, version 21.3.1 is available.
[INFO][Python] 07.12.2023 17:45:55 [Python] (C:\Users\kevgi\AppData\Local\NA-MIC\Slicer 4.11.20210226\bin\Python\slicer\util.py:2813) - You should consider upgrading via the 'C:\Users\kevgi\AppData\Local\NA-MIC\Slicer 4.11.20210226\bin\python-real.exe -m pip install --upgrade pip' command.
[INFO][Stream] 07.12.2023 17:45:55 [] (unknown:0) - You should consider upgrading via the 'C:\Users\kevgi\AppData\Local\NA-MIC\Slicer 4.11.20210226\bin\python-real.exe -m pip install --upgrade pip' command.
[DEBUG][Python] 07.12.2023 17:45:56 [Python] (C:\Users\kevgi\AppData\Local\NA-MIC\Slicer 4.11.20210226\lib\Python\Lib\site-packages\matplotlib\__init__.py:241) - (private) matplotlib data path: C:\Users\kevgi\AppData\Local\NA-MIC\Slicer 4.11.20210226\lib\Python\Lib\site-packages\matplotlib\mpl-data
[DEBUG][Python] 07.12.2023 17:45:56 [Python] (C:\Users\kevgi\AppData\Local\NA-MIC\Slicer 4.11.20210226\lib\Python\Lib\site-packages\matplotlib\__init__.py:241) - matplotlib data path: C:\Users\kevgi\AppData\Local\NA-MIC\Slicer 4.11.20210226\lib\Python\Lib\site-packages\matplotlib\mpl-data
[DEBUG][Python] 07.12.2023 17:45:56 [Python] (C:\Users\kevgi\AppData\Local\NA-MIC\Slicer 4.11.20210226\lib\Python\Lib\site-packages\matplotlib\__init__.py:241) - CONFIGDIR=C:\SPB_DATA\.matplotlib
[DEBUG][Python] 07.12.2023 17:45:56 [Python] (C:\Users\kevgi\AppData\Local\NA-MIC\Slicer 4.11.20210226\lib\Python\Lib\site-packages\matplotlib\__init__.py:1480) - matplotlib version 3.3.4
[DEBUG][Python] 07.12.2023 17:45:56 [Python] (C:\Users\kevgi\AppData\Local\NA-MIC\Slicer 4.11.20210226\lib\Python\Lib\site-packages\matplotlib\__init__.py:1481) - interactive is False
[DEBUG][Python] 07.12.2023 17:45:56 [Python] (C:\Users\kevgi\AppData\Local\NA-MIC\Slicer 4.11.20210226\lib\Python\Lib\site-packages\matplotlib\__init__.py:1482) - platform is win32
[DEBUG][Python] 07.12.2023 17:45:56 [Python] (C:\Users\kevgi\AppData\Local\NA-MIC\Slicer 4.11.20210226\lib\Python\Lib\site-packages\matplotlib\__init__.py:1483) - loaded modules: ['builtins', 'sys', '_frozen_importlib', '_imp', '_warnings', '_thread', '_weakref', '_frozen_importlib_external', '_io', 'marshal', 'nt', 'winreg', 'zipimport', 'encodings', 'codecs', '_codecs', 'encodings.aliases', 'encodings.utf_8', '_signal', '__main__', 'encodings.latin_1', 'io', 'abc', '_weakrefset', 'site', 'os', 'errno', 'stat', '_stat', 'ntpath', 'genericpath', 'os.path', '_collections_abc', '_sitebuiltins', 'sysconfig', '_bootlocale', '_locale', 'encodings.cp65001', 'functools', '_functools', 'collections', 'operator', '_operator', 'keyword', 'heapq', '_heapq', 'itertools', 'reprlib', '_collections', 'types', 'collections.abc', 'weakref', 'importlib', 'importlib._bootstrap', 'importlib._bootstrap_external', 'warnings', 'importlib.util', 'importlib.abc', 'importlib.machinery', 'contextlib', 'mpl_toolkits', 'PythonQt', 'imp', 'tokenize', 're', 'enum', 'sre_compile', '_sre', 'sre_parse', 'sre_constants', 'copyreg', 'token', 'PythonQt.QtCore', 'PythonQt.Qt', 'PythonQt.QtGui', 'PythonQt.private', 'PythonQt.QtNetwork', 'PythonQt.QtUiTools', '__future__', 'logging', 'time', 'traceback', 'linecache', 'string', '_string', 'threading', 'atexit', 'ctk', 'PythonQt.CTKQtTesting', 'CTKQtTestingPythonQt', 'PythonQt.CTKVisualizationVTKWidgets', 'CTKVisualizationVTKWidgetsPythonQt', 'PythonQt.CTKVisualizationVTKCore', 'CTKVisualizationVTKCorePythonQt', 'PythonQt.CTKScriptingPythonWidgets', 'CTKScriptingPythonWidgetsPythonQt', 'PythonQt.CTKDICOMWidgets', 'CTKDICOMWidgetsPythonQt', 'PythonQt.CTKDICOMCore', 'CTKDICOMCorePythonQt', 'PythonQt.CTKWidgets', 'PythonQt.CTKCore', 'CTKWidgetsPythonQt', 'CTKCorePythonQt', 'qt', 'vtk', 'vtkmodules', 'vtkmodules.vtkCommonKit', 'vtkmodules.vtkCommonKitPython', 'vtkmodules.vtkFiltersKit', 'vtkmodules.vtkFiltersKitPython', 'vtkmodules.vtkImagingKit', 'vtkmodules.vtkImagingKitPython', 'vtkmodules.vtkRemoteKit', 'vtkmodules.vtkRemoteKitPython', 'vtkmodules.vtkRenderingKit', 'vtkmodules.vtkRenderingKitPython', 'vtkmodules.vtkIOKit', 'vtkmodules.vtkIOKitPython', 'vtkmodules.vtkOpenGLKit', 'vtkmodules.vtkOpenGLKitPython', 'vtkmodules.vtkParallelKit', 'vtkmodules.vtkParallelKitPython', 'vtkmodules.vtkWrappingKit', 'vtkmodules.vtkWrappingKitPython', 'vtkmodules.vtkInteractionKit', 'vtkmodules.vtkInteractionKitPython', 'vtkmodules.vtkViewsKit', 'vtkmodules.vtkViewsKitPython', 'vtkmodules.vtkInfovisCore', 'vtkmodules.vtkInfovisCorePython', 'vtkmodules.vtkChartsCore', 'vtkmodules.vtkChartsCorePython', 'vtkmodules.vtkDomainsChemistry', 'vtkmodules.vtkDomainsChemistryPython', 'vtkmodules.vtkFiltersFlowPaths', 'vtkmodules.vtkFiltersFlowPathsPython', 'vtkmodules.vtkFiltersHybrid', 'vtkmodules.vtkFiltersHybridPython', 'vtkmodules.vtkPythonInterpreter', 'vtkmodules.vtkPythonInterpreterPython', 'vtkmodules.vtkImagingHybrid', 'vtkmodules.vtkImagingHybridPython', 'vtkmodules.vtkInfovisLayout', 'vtkmodules.vtkInfovisLayoutPython', 'vtkmodules.vtkGeovisCore', 'vtkmodules.vtkGeovisCorePython', 'vtkmodules.vtkRenderingGL2PSOpenGL2', 'vtkmodules.vtkRenderingGL2PSOpenGL2Python', 'vtkmodules.vtkIOExport', 'vtkmodules.vtkIOExportPython', 'vtkmodules.vtkIOExportOpenGL2', 'vtkmodules.vtkIOExportOpenGL2Python', 'vtkmodules.vtkIOExportPDF', 'vtkmodules.vtkIOExportPDFPython', 'vtkmodules.vtkIOImport', 'vtkmodules.vtkIOImportPython', 'vtkmodules.vtkIOInfovis', 'vtkmodules.vtkIOInfovisPython', 'vtkmodules.vtkIOMINC', 'vtkmodules.vtkIOMINCPython', 'vtkmodules.vtkIOTecplotTable', 'vtkmodules.vtkIOTecplotTablePython', 'vtkmodules.vtkRenderingQt', 'vtkmodules.vtkRenderingQtPython', 'vtkmodules.vtkTestingRendering', 'vtkmodules.vtkTestingRenderingPython', 'vtkmodules.vtkViewsInfovis', 'vtkmodules.vtkViewsInfovisPython', 'vtkmodules.util', 'vtkmodules.util.vtkConstants', 'vtkmodules.util.misc', 'vtkmodules.util.vtkVariant', 'vtkmodules.vtkCommonCore', 'slicer', 'slicer.modules', 'slicer.moduleNames', 'slicer.kits', 'mrml', 'MRMLCLIPython', 'MRMLCorePython', 'MRMLDisplayableManagerPython', 'MRMLLogicPython', 'vtkAddon', 'vtkAddonPython', 'vtkSegmentationCore', 'vtkSegmentationCorePython', 'PythonQt.qMRMLWidgets', 'qMRMLWidgetsPythonQt', 'logic', 'SlicerBaseLogicPython', 'PythonQt.qSlicerBaseQTCore', 'qSlicerBaseQTCorePythonQt', 'PythonQt.qSlicerBaseQTGUI', 'qSlicerBaseQTGUIPythonQt', 'PythonQt.qSlicerBaseQTApp', 'qSlicerBaseQTAppPythonQt', 'qSlicerBaseQTCLIPython', 'PythonQt.qSlicerBaseQTCLI', 'qSlicerBaseQTCLIPythonQt', 'slicer.util', 'slicer.cli', 'code', 'argparse', 'copy', 'textwrap', 'gettext', 'locale', 'struct', '_struct', 'codeop', 'pydoc', 'inspect', 'ast', '_ast', 'dis', 'opcode', '_opcode', 'pkgutil', 'platform', 'subprocess', 'signal', 'msvcrt', '_winapi', 'urllib', 'urllib.parse', 'AddManyMarkupsFiducialTest', 'unittest', 'unittest.result', 'unittest.util', 'unittest.case', 'difflib', 'pprint', 'unittest.suite', 'unittest.loader', 'fnmatch', 'posixpath', 'unittest.main', 'unittest.runner', 'unittest.signals', 'slicer.ScriptedLoadableModule', 'AtlasTests', 'BRAINSFitRigidRegistrationCrashIssue4139', 'BatchStructureSetConversion', 'DICOMLib', 'DICOMLib.DICOMProcesses', 'DICOMLib.DICOMExportScalarVolume', 'glob', 'DICOMLib.DICOMExportScene', 'tempfile', 'shutil', 'zlib', 'bz2', '_compression', '_bz2', 'lzma', '_lzma', 'random', 'math', 'hashlib', '_hashlib', '_blake2', '_sha3', 'bisect', '_bisect', '_random', 'zipfile', 'binascii', 'DICOMLib.DICOMBrowser', 'DICOMLib.DICOMPlugin', 'DICOMLib.DICOMUtils', 'DICOMLib.DICOMPluginSelector', 'DICOMLib.DICOMRecentActivityWidget', 'DICOMLib.DICOMSendDialog', 'BreachWarningSelfTest', 'CalculateResults', 'numpy', 'numpy._globals', 'numpy.__config__', 'numpy.version', 'numpy._distributor_init', 'ctypes', '_ctypes', 'ctypes._endian', 'numpy.core', 'numpy.core.multiarray', 'numpy.core.overrides', 'datetime', '_datetime', 'numpy.core._multiarray_umath', 'numpy.compat', 'numpy.compat._inspect', 'numpy.compat.py3k', 'pathlib', 'pickle', '_compat_pickle', '_pickle', 'numpy.core.umath', 'numpy.core.numerictypes', 'numbers', 'numpy.core._string_helpers', 'numpy.core._type_aliases', 'numpy.core._dtype', 'numpy.core.numeric', 'numpy.core.shape_base', 'numpy.core._asarray', 'numpy.core.fromnumeric', 'numpy.core._methods', 'numpy.core._exceptions', 'numpy.core._ufunc_config', 'numpy.core.arrayprint', 'numpy.core.defchararray', 'numpy.core.records', 'numpy.core.memmap', 'numpy.core.function_base', 'numpy.core.machar', 'numpy.core.getlimits', 'numpy.core.einsumfunc', 'numpy.core._add_newdocs', 'numpy.core._multiarray_tests', 'numpy.core._dtype_ctypes', 'numpy.core._internal', 'numpy._pytesttester', 'numpy.lib', 'numpy.lib.mixins', 'numpy.lib.scimath', 'numpy.lib.type_check', 'numpy.lib.ufunclike', 'numpy.lib.index_tricks', 'numpy.matrixlib', 'numpy.matrixlib.defmatrix', 'numpy.linalg', 'numpy.linalg.linalg', 'numpy.lib.twodim_base', 'numpy.linalg.lapack_lite', 'numpy.linalg._umath_linalg', 'numpy.lib.function_base', 'numpy.lib.histograms', 'numpy.lib.stride_tricks', 'numpy.lib.nanfunctions', 'numpy.lib.shape_base', 'numpy.lib.polynomial', 'numpy.lib.utils', 'numpy.lib.arraysetops', 'numpy.lib.npyio', 'numpy.lib.format', 'numpy.lib._datasource', 'numpy.lib._iotools', 'numpy.lib.financial', 'decimal', '_decimal', 'numpy.lib.arrayterator', 'numpy.lib.arraypad', 'numpy.lib._version', 'numpy.fft', 'numpy.fft._pocketfft', 'numpy.fft._pocketfft_internal', 'numpy.fft.helper', 'numpy.polynomial', 'numpy.polynomial.polynomial', 'numpy.polynomial.polyutils', 'numpy.polynomial._polybase', 'numpy.polynomial.chebyshev', 'numpy.polynomial.legendre', 'numpy.polynomial.hermite', 'numpy.polynomial.hermite_e', 'numpy.polynomial.laguerre', 'numpy.random', 'numpy.random._pickle', 'numpy.random.mtrand', 'cython_runtime', 'numpy.random.bit_generator', '_cython_0_29_21', 'numpy.random._common', 'secrets', 'base64', 'hmac', 'numpy.random._bounded_integers', 'numpy.random._mt19937', 'numpy.random._philox', 'numpy.random._pcg64', 'numpy.random._sfc64', 'numpy.random._generator', 'numpy.ctypeslib', 'numpy.ma', 'numpy.ma.core', 'numpy.ma.extras', 'numpy.testing', 'numpy.testing._private', 'numpy.testing._private.utils', 'gc', 'numpy.testing._private.decorators', 'numpy.testing._private.nosetester', 'CalculateVSP', 'jpype', '_jpype', 'jpype._jinit', 'jpype._jpackage', 'jpype._jproxy', 'jpype._core', 'jpype.types', 'jpype._jclass', 'jpype._pykeywords', 'jpype._jcustomizer', 'jpype._jobject', 'jpype._jarray', 'jpype._jexception', 'jpype._jstring', 'jpype._classpath', 'jpype._jvmfinder', 'jpype._gui', 'jpype.nio', 'jpype._jmethod', 'jpype._jcollection', 'jpype._jio', 'jpype.protocol', 'typing_extensions', 'typing', 'typing.io', 'typing.re', 'jpype._jthread', 'jpype.imports', 'ManageSlicer', 'ManageUI', 'ManageRegistration', 'ManageReconstruction', 'Calibration', 'Logic', 'Logic.utils', 'Logic.errors', 'Logic.sentry', 'sentry_sdk', 'sentry_sdk.hub', 'sentry_sdk._compat', 'sentry_sdk._types', 'sentry_sdk.consts', 'sentry_sdk.scope', 'uuid', 'ctypes.util', 'sentry_sdk.attachments', 'mimetypes', 'sentry_sdk.envelope', 'json', 'json.decoder', 'json.scanner', '_json', 'json.encoder', 'sentry_sdk.session', 'sentry_sdk.utils', 'sentry_sdk._functools', 'sentry_sdk.tracing_utils', 'sentry_sdk.tracing', 'sentry_sdk.client', 'socket', '_socket', 'selectors', 'select', 'sentry_sdk.serializer', 'sentry_sdk.transport', 'urllib3', 'urllib3.exceptions', 'urllib3.packages', 'urllib3.packages.six', 'urllib3.packages.six.moves', 'http', 'http.client', 'email', 'email.parser', 'email.feedparser', 'email.errors', 'email._policybase', 'email.header', 'email.quoprimime', 'email.base64mime', 'email.charset', 'email.encoders', 'quopri', 'email.utils', 'email._parseaddr', 'calendar', 'email.message', 'uu', 'email._encoded_words', 'email.iterators', 'ssl', 'ipaddress', '_ssl', 'urllib3.packages.six.moves.http_client', 'urllib3._version', 'urllib3.connectionpool', 'urllib3._collections', 'urllib3.connection', 'urllib3.util', 'urllib3.util.connection', 'urllib3.contrib', 'urllib3.contrib._appengine_environ', 'urllib3.util.wait', 'urllib3.util.request', 'urllib3.util.response', 'urllib3.util.retry', 'urllib3.util.ssl_', 'urllib3.util.url', 'urllib3.util.ssltransport', 'urllib3.util.timeout', 'urllib3.util.proxy', 'urllib3.util.ssl_match_hostname', 'queue', 'urllib3.request', 'urllib3.filepost', 'urllib3.fields', 'urllib3.packages.six.moves.urllib', 'urllib3.packages.six.moves.urllib.parse', 'urllib3.response', 'urllib3.util.queue', 'urllib3.poolmanager', 'certifi', 'certifi.core', 'gzip', 'sentry_sdk.worker', 'sentry_sdk._queue', 'urllib.request', 'urllib.error', 'urllib.response', 'nturl2path', 'sentry_sdk.integrations', 'sentry_sdk.sessions', 'sentry_sdk.profiler', 'sentry_sdk._lru_cache', 'sentry_sdk.scrubber', 'sentry_sdk.monitor', 'sentry_sdk.api', 'sentry_sdk.crons', 'sentry_sdk.crons.api', 'sentry_sdk.crons.consts', 'sentry_sdk.crons.decorator', 'sentry_sdk.debug', 'Logic.config', 'configparser', 'Logic.logging', 'sentry_sdk.integrations.logging', 'Logic.vtkmrmlutils', 'SegmentStatistics', 'SegmentStatisticsPlugins', 'SegmentStatisticsPlugins.SegmentStatisticsPluginBase', 'SegmentStatisticsPlugins.LabelmapSegmentStatisticsPlugin', 'vtkITK', 'vtkITKPython', 'SegmentStatisticsPlugins.ScalarVolumeSegmentStatisticsPlugin', 'SegmentStatisticsPlugins.ClosedSurfaceSegmentStatisticsPlugin', 'Logic.vtkutils', 'vtk.util', 'vtk.util.numpy_support', 'vtk.util.vtkConstants', 'vtk.vtkCommonCore', 'vtk.vtkCommonKitPython', 'Logic.dbutils', 'sqlite3', 'sqlite3.dbapi2', '_sqlite3', 'Logic.constants', 'singleton_decorator', 'singleton_decorator.decorator', 'Logic.PhysicalUnits', 'Logic.jsonutils', 'Logic.nodes', 'pydicom', 'pydicom.dataelem', 'pydicom.config', 'pydicom.overlay_data_handlers', 'pydicom.overlay_data_handlers.numpy_handler', 'pydicom.uid', 'pydicom._uid_dict', 'pydicom.pixel_data_handlers', 'pydicom.pixel_data_handlers.numpy_handler', 'pydicom.pixel_data_handlers.util', 'pydicom.data', 'pydicom.data.data_manager', 'pydicom.fileutil', 'pydicom.misc', 'pydicom.tag', 'pydicom.datadict', 'pydicom._dicom_dict', 'pydicom._private_dict', 'pydicom.pixel_data_handlers.rle_handler', 'pydicom.encaps', 'pydicom.filebase', 'pydicom.pixel_data_handlers.pillow_handler', 'PIL', 'PIL._version', 'PIL.Image', 'defusedxml', 'defusedxml.common', 'xml', 'xml.parsers', 'xml.parsers.expat', 'pyexpat.errors', 'pyexpat.model', 'pyexpat', 'xml.parsers.expat.model', 'xml.parsers.expat.errors', 'defusedxml.ElementTree', 'xml.etree', 'xml.etree.ElementPath', '_elementtree', 'xml.etree.ElementTree', 'PIL.ImageMode', 'PIL.TiffTags', 'PIL._binary', 'PIL._util', 'PIL._imaging', 'PIL.features', 'pydicom.pixel_data_handlers.jpeg_ls_handler', 'pydicom.pixel_data_handlers.gdcm_handler', 'pydicom.jsonrep', 'pydicom.valuerep', 'pydicom.multival', 'pydicom.dataset', 'pydicom.charset', 'pydicom._version', 'pydicom.filereader', 'pydicom.dicomdir', 'pydicom.errors', 'pydicom.sequence', 'pydicom.util', 'pydicom.util.hexutil', 'pydicom.filewriter', 'pydicom.values', 'Logic.attributes', 'Logic.testutils', 'Charting', 'ColorsScalarBarSelfTest', 'CompareVolumes', 'CropVolumeSelfTest', 'CropVolumeSequence', 'CutPlaneTesting', '_HelperFile', 'DICOM', 'DICOMEnhancedUSVolumePlugin', 'DICOMGeAbusPlugin', 'DICOMImageSequencePlugin', 'DICOMPatcher', 'DICOMScalarVolumePlugin', 'DICOMSlicerDataBundlePlugin', 'DICOMVolumeSequencePlugin', 'DMRIInstall', 'DataProbe', 'vtkTeem', 'vtkTeemPython', 'DataProbeLib', 'DataProbeLib.SliceViewAnnotations', 'DataProbeLib.DataProbeUtil', 'DecomposeTransforms', 'DicomRtImportExportPlugin', 'DicomSroImportExportPlugin', 'DisplacementKevin', 'DvhComparison', 'Editor', 'EditorLib', 'EditorLib.ColorBox', 'EditorLib.EditUtil', 'EditorLib.EditBox', 'EditorLib.EditColor', 'EditorLib.EditOptions', 'EditorLib.HelperBox', 'EditorLib.LabelCreateDialog', 'EditorLib.LabelStructureListWidget', 'EditorLib.Effect', 'EditorLib.LabelEffect', 'EditorLib.PaintEffect', 'EditorLib.DrawEffect', 'EditorLib.ThresholdEffect', 'EditorLib.RectangleEffect', 'EditorLib.LevelTracingEffect', 'EditorLib.MakeModelEffect', 'EditorLib.MorphologyEffect', 'EditorLib.ErodeEffect', 'EditorLib.DilateEffect', 'EditorLib.IslandEffect', 'EditorLib.IdentifyIslandsEffect', 'EditorLib.ChangeIslandEffect', 'EditorLib.RemoveIslandsEffect', 'EditorLib.SaveIslandEffect', 'EditorLib.ChangeLabelEffect', 'EditorLib.GrowCutEffect', 'EditorLib.WatershedFromMarkerEffect', 'EditorLib.FastMarchingEffect', 'EditorLib.WandEffect', 'Elastix', 'Endoscopy', 'ExtensionWizard', 'SlicerWizard', 'SlicerWizard.__version__', 'SlicerWizard.ExtensionDescription', 'SlicerWizard.ExtensionProject', 'SlicerWizard.CMakeParser', 'SlicerWizard.Utilities', 'chardet', 'chardet.compat', 'chardet.universaldetector', 'chardet.charsetgroupprober', 'chardet.enums', 'chardet.charsetprober', 'chardet.escprober', 'chardet.codingstatemachine', 'chardet.escsm', 'chardet.latin1prober', 'chardet.mbcsgroupprober', 'chardet.utf8prober', 'chardet.mbcssm', 'chardet.sjisprober', 'chardet.mbcharsetprober', 'chardet.chardistribution', 'chardet.euctwfreq', 'chardet.euckrfreq', 'chardet.gb2312freq', 'chardet.big5freq', 'chardet.jisfreq', 'chardet.jpcntx', 'chardet.eucjpprober', 'chardet.gb2312prober', 'chardet.euckrprober', 'chardet.cp949prober', 'chardet.big5prober', 'chardet.euctwprober', 'chardet.sbcsgroupprober', 'chardet.sbcharsetprober', 'chardet.langcyrillicmodel', 'chardet.langgreekmodel', 'chardet.langbulgarianmodel', 'chardet.langthaimodel', 'chardet.langhebrewmodel', 'chardet.hebrewprober', 'chardet.langturkishmodel', 'chardet.version', 'SlicerWizard.ExtensionWizard', 'SlicerWizard.TemplateManager', 'SlicerWizard.WizardHelpFormatter', 'ExtensionWizardLib', 'ExtensionWizardLib.ExtensionWizardResources', 'ExtensionWizardLib.CreateComponentDialog', 'ExtensionWizardLib.DirectoryListWidget', 'ExtensionWizardLib.EditableTreeWidget', 'ExtensionWizardLib.EditExtensionMetadataDialog', 'ExtensionWizardLib.LoadModulesDialog', 'ExtensionWizardLib.ModuleInfo', 'ExtensionWizardLib.SettingsPanel', 'ExtensionWizardLib.TemplatePathUtilities', 'FiducialLayoutSwitchBug1914', 'FiducialsToModelRegistration', 'Gamma', 'pymedphys', 'pymedphys.dicom', 'pymedphys._dicom', 'pymedphys._dicom.anonymise', 'pymedphys._dicom.anonymise.api', 'pymedphys._imports', 'pymedphys._imports._parse', 'pymedphys._vendor', 'pymedphys._vendor.apipkg', 'pymedphys._imports.tkinter', 'pymedphys._imports.tkinter.filedialog', 'pymedphys._imports.attr', 'pymedphys._imports.black', 'pymedphys._imports.dateutil', 'pymedphys._imports.dbfread', 'pymedphys._imports.keyring', 'pymedphys._imports.natsort', 'pymedphys._imports.packaging', 'pymedphys._imports.psutil', 'pymedphys._imports.pymssql', 'pymedphys._imports.pytest', 'pymedphys._imports.requests', 'pymedphys._imports.sqlalchemy', 'pymedphys._imports.tabulate', 'pymedphys._imports.timeago', 'pymedphys._imports.toml', 'pymedphys._imports.tomlkit', 'pymedphys._imports.tornado', 'pymedphys._imports.tornado.routing', 'pymedphys._imports.tornado.web', 'pymedphys._imports.tqdm', 'pymedphys._imports.watchdog', 'pymedphys._imports.watchdog.events', 'pymedphys._imports.watchdog.observers', 'pymedphys._imports.watchdog.observers.polling', 'pymedphys._imports.xlsxwriter', 'pymedphys._imports.xlsxwriter.worksheet', 'pymedphys._imports.xmltodict', 'pymedphys._imports.yaml', 'pymedphys._imports.altair', 'pymedphys._imports.imageio', 'pymedphys._imports.matplotlib', 'pymedphys._imports.matplotlib.image', 'pymedphys._imports.matplotlib.patches', 'pymedphys._imports.matplotlib.path', 'pymedphys._imports.matplotlib.pyplot', 'pymedphys._imports.plt', 'pymedphys._imports.matplotlib.transforms', 'pymedphys._imports.mpl_toolkits', 'pymedphys._imports.mpl_toolkits.mplot3d.art3d', 'pymedphys._imports.numpy', 'pymedphys._imports.pandas', 'pymedphys._imports.PIL', 'pymedphys._imports.plotly', 'pymedphys._imports.plotly.express', 'pymedphys._imports.scipy', 'pymedphys._imports.scipy.interpolate', 'pymedphys._imports.scipy.ndimage', 'pymedphys._imports.scipy.ndimage.measurements', 'pymedphys._imports.scipy.optimize', 'pymedphys._imports.scipy.signal', 'pymedphys._imports.scipy.special', 'pymedphys._imports.shapely', 'pymedphys._imports.shapely.affinity', 'pymedphys._imports.shapely.geometry', 'pymedphys._imports.shapely.ops', 'pymedphys._imports.skimage', 'pymedphys._imports.skimage.color.adapt_rgb', 'pymedphys._imports.skimage.draw', 'pymedphys._imports.skimage.filters', 'pymedphys._imports.skimage.measure', 'pymedphys._imports.sklearn', 'pymedphys._imports.sklearn.cluster', 'pymedphys._imports.streamlit', 'pymedphys._imports.streamlit.bootstrap', 'pymedphys._imports.streamlit.cli', 'pymedphys._imports.streamlit.config', 'pymedphys._imports.streamlit.report_session', 'pymedphys._imports.streamlit.server', 'pymedphys._imports.streamlit.server.server', 'pymedphys._imports.streamlit.server.server_util', 'pymedphys._imports.streamlit_ace', 'pymedphys._imports.streamlit_analytics', 'pymedphys._imports.dicompylercore', 'pymedphys._imports.dicomparser', 'pymedphys._imports.dvh', 'pymedphys._imports.dvhcalc', 'pymedphys._imports.libjpeg', 'pymedphys._imports.pydicom', 'pymedphys._imports.pydicom.datadict', 'pymedphys._imports.pydicom.dataset', 'pymedphys._imports.pydicom.errors', 'pymedphys._imports.pydicom.filebase', 'pymedphys._imports.pydicom.filereader', 'pymedphys._imports.pydicom.sequence', 'pymedphys._imports.pydicom.tag', 'pymedphys._imports.pydicom.uid', 'pymedphys._imports.pylinac', 'pymedphys._imports.pylinac.winston_lutz', 'pymedphys._imports.pynetdicom', 'pymedphys._imports.pynetdicom.sop_class', 'pymedphys._dicom.anonymise.core', 'pymedphys._dicom.anonymise.strategy', 'pymedphys._dicom.constants', 'pymedphys._dicom.constants.core', 'pymedphys._dicom.constants.orientation', 'pymedphys._dicom.constants.uuid', 'pymedphys._dicom.utilities', 'pymedphys._dicom.utilities.display', 'pymedphys._dicom.utilities.files', 'pymedphys._dicom.dose', 'pymedphys._dicom.coords', 'pymedphys._dicom.header', 'pymedphys._dicom.create', 'pymedphys._dicom.rtplan', 'pymedphys._dicom.rtplan.adjust', 'pymedphys._dicom.rtplan.core', 'pymedphys._utilities', 'pymedphys._utilities.transforms', 'pymedphys._utilities.transforms.bipolar', 'pymedphys._dicom.rtplan.build', 'pymedphys._dicom.structure', 'pymedphys._dicom.structure.merge', 'pymedphys.metersetmap', 'pymedphys._metersetmap', 'pymedphys._metersetmap.metersetmap', 'pymedphys._utilities.constants', 'pymedphys._utilities.constants.mlctypes', 'pymedphys._utilities.controlpoints', 'pymedphys._metersetmap.plt', 'pymedphys._metersetmap.plt.helpers', 'pymedphys.mosaiq', 'pymedphys._mosaiq', 'pymedphys._mosaiq.api', 'pymedphys._mosaiq.connect', 'pymedphys._mosaiq.credentials', 'getpass', 'pymedphys.mudensity', 'pymedphys._vendor.deprecated', 'pymedphys.trf', 'pymedphys._trf', 'pymedphys._trf.decode', 'pymedphys._trf.decode.trf2pandas', 'pymedphys._trf.decode.header', 'pymedphys._trf.decode.partition', 'pymedphys._trf.decode.table', 'pymedphys._trf.decode.constants', 'pymedphys._data', 'pymedphys._data.download', 'pymedphys._utilities.filehash', 'pymedphys._utilities.filehash.core', 'pymedphys._config', 'pymedphys._data.retry', 'pymedphys._data.zenodo', 'pymedphys._delivery', 'pymedphys._base', 'pymedphys._base.delivery', 'pymedphys._dicom.delivery', 'pymedphys._dicom.delivery.core', 'pymedphys._dicom.delivery.utilities', 'pymedphys._icom', 'pymedphys._icom.delivery', 'pymedphys._icom.extract', 'pymedphys._icom.mappings', 'pymedphys._metersetmap.delivery', 'pymedphys._metersetmap.delivery.core', 'pymedphys._monaco', 'pymedphys._monaco.delivery', 'pymedphys._monaco.utility', 'pymedphys._utilities.filesystem', 'pymedphys._mosaiq.delivery', 'pymedphys._mosaiq.constants', 'pymedphys._trf.decode.delivery', 'pymedphys._gamma', 'pymedphys._gamma.implementation', 'pymedphys._gamma.implementation.filter', 'pymedphys._gamma.utilities', 'pymedphys._gamma.utilities.core', 'pymedphys._gamma.implementation.shell', 'dataclasses', 'pymedphys._utilities.createshells', 'pymedphys._version', 'skimage', 'skimage._shared', 'skimage._shared.version_requirements', 'skimage._shared.geometry', 'skimage.util', 'skimage.util.dtype', 'skimage.util.shape', 'skimage.util.noise', 'skimage.util.apply_parallel', 'skimage.util.arraycrop', 'skimage.util.compare', 'skimage.util._regular_grid', 'skimage.util.unique', 'skimage.util._invert', 'skimage.util._montage', 'skimage.util._map_array', 'skimage.util._remap', '_cython_0_29_17', 'skimage.data', 'skimage.data._binary_blobs', 'skimage.data._registry', 'skimage.util.lookfor', 'skimage.metrics', 'skimage.metrics._adapted_rand_error', 'skimage._shared.utils', 'skimage._shared._warnings', 'skimage.metrics._contingency_table', 'scipy', 'scipy._lib', 'scipy._lib._testutils', 'scipy._lib.deprecation', 'scipy.__config__', 'scipy.version', 'scipy._distributor_init', 'scipy._lib._pep440', 'scipy._lib._ccallback', 'scipy._lib._ccallback_c', 'scipy.fft', 'scipy.fft._basic', 'scipy._lib.uarray', 'scipy._lib._uarray', 'scipy._lib._uarray._backend', 'scipy._lib._uarray._uarray', 'scipy.fft._realtransforms', 'scipy.fft._helper', 'scipy.fft._pocketfft', 'scipy.fft._pocketfft.basic', 'scipy.fft._pocketfft.pypocketfft', 'scipy.fft._pocketfft.helper', 'scipy.fft._pocketfft.realtransforms', 'scipy.fft._backend', 'scipy.sparse', 'scipy.sparse.base', 'scipy.sparse.sputils', 'scipy._lib._util', 'multiprocessing', 'multiprocessing.context', 'multiprocessing.process', 'multiprocessing.reduction', '__mp_main__', 'scipy.sparse.csr', 'scipy.sparse._sparsetools', 'scipy.sparse.compressed', 'scipy.sparse.data', 'scipy.sparse.dia', 'scipy.sparse._index', 'scipy.sparse.csc', 'scipy.sparse.lil', 'scipy.sparse._csparsetools', 'scipy.sparse.dok', 'scipy.sparse.coo', 'scipy.sparse.bsr', 'scipy.sparse.construct', 'scipy.sparse.extract', 'scipy.sparse._matrix_io', 'scipy.sparse.csgraph', 'scipy.sparse.csgraph._laplacian', 'scipy.sparse.csgraph._shortest_path', '_cython_0_29_18', 'scipy.sparse.csgraph._validation', 'scipy.sparse.csgraph._tools', 'scipy.sparse.csgraph._traversal', 'scipy.sparse.csgraph._min_spanning_tree', 'scipy.sparse.csgraph._flow', 'scipy.sparse.csgraph._matching', 'scipy.sparse.csgraph._reordering', 'skimage.metrics._variation_of_information', 'skimage.metrics.simple_metrics', 'skimage.metrics._structural_similarity', 'scipy.ndimage', 'scipy.ndimage.filters', 'scipy.ndimage._ni_support', 'scipy.ndimage._nd_image', 'scipy.ndimage._ni_docstrings', 'scipy._lib.doccer', 'scipy.ndimage.fourier', 'scipy.ndimage.interpolation', 'scipy.special', 'scipy.special.sf_error', 'scipy.special._ufuncs', 'scipy.special._ufuncs_cxx', 'scipy.special._basic', 'scipy.special.specfun', 'scipy.special.orthogonal', 'scipy.linalg', 'scipy.linalg.misc', 'scipy.linalg.blas', 'scipy.linalg._fblas', 'scipy.linalg.lapack', 'scipy.linalg._flapack', 'scipy.linalg.basic', 'scipy.linalg.flinalg', 'scipy.linalg._flinalg', 'scipy.linalg.decomp', 'scipy.linalg.decomp_svd', 'scipy.linalg._solve_toeplitz', 'scipy.linalg.decomp_lu', 'scipy.linalg._decomp_ldl', 'scipy.linalg.decomp_cholesky', 'scipy.linalg.decomp_qr', 'scipy.linalg._decomp_qz', 'scipy.linalg.decomp_schur', 'scipy.linalg._decomp_polar', 'scipy.linalg.matfuncs', 'scipy.linalg.special_matrices', 'scipy.linalg._expm_frechet', 'scipy.linalg._matfuncs_sqrtm', 'scipy.linalg._solvers', 'scipy.linalg._procrustes', 'scipy.linalg._decomp_update', 'scipy.linalg.cython_blas', 'scipy.linalg.cython_lapack', 'scipy.linalg._sketches', 'scipy.linalg._decomp_cossin', 'scipy.special._comb', 'scipy.special._logsumexp', 'scipy.special.spfun_stats', 'scipy.special._ellip_harm', 'scipy.special._ellip_harm_2', 'scipy.special._lambertw', 'scipy.special._spherical_bessel', 'scipy.ndimage.measurements', 'scipy.ndimage._ni_label', '_ni_label', 'scipy.ndimage.morphology', 'GuideSegmentCuts', 'Viewpoint', 'IGRTWorkflow_SelfTest', 'InverseKin', 'JRC2013Vis', 'LabelStatistics', 'LandmarkRegistration', 'RegistrationLib', 'RegistrationLib.pqWidget', 'RegistrationLib.Visualization', 'RegistrationLib.Landmarks', 'RegistrationLib.RegistrationState', 'RegistrationLib.RegistrationPlugin', 'RegistrationLib.AffinePlugin', 'RegistrationLib.ThinPlatePlugin', 'RegistrationLib.LocalBRAINSFitPlugin', 'RegistrationLib.LocalSimpleITKPlugin', 'MarkupsInCompareViewersSelfTest', 'MarkupsInViewsSelfTest', 'MarkupsWidgetsSelfTest', 'ModelRegistration', 'MultiVolumeImporter', 'MultiVolumeImporterLib', 'MultiVolumeImporterLib.Helper', 'MultiVolumeImporterPlugin', 'NavigationTesting', 'NavigationTestingKevin', 'NeurosurgicalPlanningTutorialMarkupsSelfTest', 'OpenDose3D', 'Logic.OpenDose3DLogic', 'scipy.signal', 'scipy.signal.sigtools', 'scipy.signal.windows', 'scipy.signal.windows.windows', 'scipy.signal.waveforms', 'scipy.signal._max_len_seq', 'scipy.signal._max_len_seq_inner', 'scipy.signal._upfirdn', 'scipy.signal._upfirdn_apply', 'scipy.signal.spline', 'scipy.signal.bsplines', 'scipy.signal.filter_design', 'scipy.optimize', 'scipy.optimize.optimize', 'scipy.optimize.linesearch', 'scipy.optimize.minpack2', 'scipy.optimize._numdiff', 'scipy.sparse.linalg', 'scipy.sparse.linalg.isolve', 'scipy.sparse.linalg.isolve.iterative', 'scipy.sparse.linalg.isolve._iterative', 'scipy.sparse.linalg.interface', 'scipy.sparse.linalg.isolve.utils', 'scipy._lib._threadsafety', 'scipy._lib.decorator', 'scipy.sparse.linalg.isolve.minres', 'scipy.sparse.linalg.isolve.lgmres', 'scipy.sparse.linalg.isolve._gcrotmk', 'scipy.sparse.linalg.isolve.lsqr', 'scipy.sparse.linalg.isolve.lsmr', 'scipy.sparse.linalg.dsolve', 'scipy.sparse.linalg.dsolve.linsolve', 'scipy.sparse.linalg.dsolve._superlu', 'scipy.sparse.linalg.dsolve._add_newdocs', 'scipy.sparse.linalg.eigen', 'scipy.sparse.linalg.eigen.arpack', 'scipy.sparse.linalg.eigen.arpack.arpack', 'scipy.sparse.linalg.eigen.arpack._arpack', 'scipy.sparse.linalg.eigen.lobpcg', 'scipy.sparse.linalg.eigen.lobpcg.lobpcg', 'scipy.sparse.linalg.matfuncs', 'scipy.sparse.linalg._expm_multiply', 'scipy.sparse.linalg._onenormest', 'scipy.sparse.linalg._norm', 'scipy.optimize._group_columns', 'scipy.optimize._differentiable_functions', 'scipy.optimize._hessian_update_strategy', 'scipy.optimize._minimize', 'scipy.optimize._trustregion_dogleg', 'scipy.optimize._trustregion', 'scipy.optimize._trustregion_ncg', 'scipy.optimize._trustregion_krylov', 'scipy.optimize._trlib', 'scipy.optimize._trlib._trlib', 'scipy._lib.messagestream', 'scipy.optimize._trustregion_exact', 'scipy.optimize._trustregion_constr', 'scipy.optimize._trustregion_constr.minimize_trustregion_constr', 'scipy.optimize._constraints', 'scipy.optimize._trustregion_constr.equality_constrained_sqp', 'scipy.optimize._trustregion_constr.projections', 'scipy.optimize._trustregion_constr.qp_subproblem', 'scipy.optimize._trustregion_constr.canonical_constraint', 'scipy.optimize._trustregion_constr.tr_interior_point', 'scipy.optimize._trustregion_constr.report', 'scipy.optimize.lbfgsb', 'scipy.optimize._lbfgsb', 'scipy.optimize.tnc', 'scipy.optimize.moduleTNC', 'scipy.optimize.cobyla', 'scipy.optimize._cobyla', 'scipy.optimize.slsqp', 'scipy.optimize._slsqp', 'scipy.optimize._root', 'scipy.optimize.minpack', 'scipy.optimize._minpack', 'scipy.optimize._lsq', 'scipy.optimize._lsq.least_squares', 'scipy.optimize._lsq.trf', 'scipy.optimize._lsq.common', 'scipy.optimize._lsq.dogbox', 'scipy.optimize._lsq.lsq_linear', 'scipy.optimize._lsq.trf_linear', 'scipy.optimize._lsq.givens_elimination', 'scipy.optimize._lsq.bvls', 'scipy.optimize._spectral', 'scipy.optimize.nonlin', 'scipy.optimize._root_scalar', 'scipy.optimize.zeros', 'scipy.optimize._zeros', 'scipy.optimize._nnls', 'scipy.optimize.__nnls', 'scipy.optimize._basinhopping', 'scipy.optimize._linprog', 'scipy.optimize._linprog_ip', 'scipy.optimize._linprog_util', 'scipy.optimize._remove_redundancy', 'scipy.optimize._linprog_simplex', 'scipy.optimize._linprog_rs', 'scipy.optimize._bglu_dense', 'scipy.optimize._lsap', 'scipy.optimize._lsap_module', 'scipy.optimize._differentialevolution', 'scipy.optimize._shgo', 'scipy.spatial', 'scipy.spatial.kdtree', 'scipy.spatial.ckdtree', 'scipy.spatial.qhull', 'scipy.spatial._spherical_voronoi', 'scipy.spatial._voronoi', 'scipy.spatial._plotutils', 'scipy.spatial._procrustes', 'scipy.spatial._geometric_slerp', 'scipy.spatial.distance', 'scipy.spatial._distance_wrap', 'scipy.spatial._hausdorff', 'scipy.spatial.transform', 'scipy.spatial.transform.rotation', 'scipy.spatial.transform._rotation_groups', 'scipy.constants', 'scipy.constants.codata', 'scipy.constants.constants', 'scipy.spatial.transform._rotation_spline', 'scipy.optimize._shgo_lib', 'scipy.optimize._shgo_lib.sobol_seq', 'scipy.optimize._shgo_lib.triangulation', 'scipy.optimize._dual_annealing', 'scipy.signal.fir_filter_design', 'scipy.signal.ltisys', 'scipy.integrate', 'scipy.integrate._quadrature', 'scipy.integrate.odepack', 'scipy.integrate._odepack', 'scipy.integrate.quadpack', 'scipy.integrate._quadpack', 'scipy.integrate._ode', 'scipy.integrate.vode', 'scipy.integrate._dop', 'scipy.integrate.lsoda', 'scipy.integrate._bvp', 'scipy.integrate._ivp', 'scipy.integrate._ivp.ivp', 'scipy.integrate._ivp.bdf', 'scipy.integrate._ivp.common', 'scipy.integrate._ivp.base', 'scipy.integrate._ivp.radau', 'scipy.integrate._ivp.rk', 'scipy.integrate._ivp.dop853_coefficients', 'scipy.integrate._ivp.lsoda', 'scipy.integrate._quad_vec', 'scipy.interpolate', 'scipy.interpolate.interpolate', 'scipy.interpolate.fitpack', 'scipy.interpolate._fitpack_impl', 'scipy.interpolate._fitpack', 'scipy.interpolate.dfitpack', 'scipy.interpolate._bsplines', 'scipy.interpolate._bspl', 'scipy.interpolate.polyint', 'scipy.interpolate._ppoly', 'scipy.interpolate.fitpack2', 'scipy.interpolate.interpnd', 'scipy.interpolate.rbf', 'scipy.interpolate._cubic', 'scipy.interpolate.ndgriddata', 'scipy.interpolate._pade', 'scipy.signal.lti_conversion', 'scipy.signal.signaltools', 'timeit', 'scipy.signal._arraytools', 'scipy.signal._sosfilt', 'scipy.signal._savitzky_golay', 'scipy.signal.spectral', 'scipy.signal._spectral', 'scipy.signal.wavelets', 'scipy.signal._peak_finding', 'scipy.stats', 'scipy.stats.stats', 'scipy.stats.distributions', 'scipy.stats._distn_infrastructure', 'scipy.stats._distr_params', 'scipy.misc', 'scipy.misc.doccer', 'scipy.misc.common', 'scipy.stats._constants', 'scipy.stats._continuous_distns', 'scipy.stats._stats', 'scipy.special.cython_special', 'scipy.stats._rvs_sampling', 'scipy.stats._tukeylambda_stats', 'scipy.stats._ksstats', 'scipy.stats._discrete_distns', 'scipy.stats.mstats_basic', 'scipy.stats._stats_mstats_common', 'scipy.stats._hypotests', 'scipy.stats._wilcoxon_data', 'scipy.stats.morestats', 'scipy.stats.statlib', 'scipy.stats.contingency', 'scipy.stats._binned_statistic', 'scipy.stats.kde', 'scipy.stats.mvn', 'scipy.stats.mstats', 'scipy.stats.mstats_extras', 'scipy.stats._multivariate', 'scipy.signal._peak_finding_utils', 'Logic.CLIScripts', 'Logic.CLIScripts.Convolution', 'Logic.fit_values', 'Logic.fitutils', 'lmfit', 'asteval', 'asteval.asteval', 'asteval.astutils', 'asteval._version', 'importlib_metadata', 'csv', '_csv', 'zipp', 'importlib_metadata._adapters', 'importlib_metadata._text', 'importlib_metadata._functools', 'importlib_metadata._meta', 'importlib_metadata._compat', 'importlib_metadata._collections', 'importlib_metadata._itertools', 'lmfit.confidence', 'lmfit.minimizer', 'uncertainties', 'uncertainties.core', 'lmfit._ampgo', 'lmfit.parameter', 'lmfit.jsonutils', 'lmfit.lineshapes', 'lmfit.printfuncs', 'lmfit.model', 'matplotlib', 'distutils', 'distutils.version', 'matplotlib.cbook', 'shlex', 'matplotlib.cbook.deprecation', 'matplotlib.rcsetup', 'matplotlib.animation', 'matplotlib._animation_data', 'matplotlib.fontconfig_pattern', 'pyparsing', 'matplotlib.colors', 'matplotlib.docstring', 'matplotlib._color_data', 'cycler', 'matplotlib._version', 'matplotlib.ft2font', 'dateutil', 'dateutil._version', 'kiwisolver']
[CRITICAL][Stream] 07.12.2023 17:45:56 [] (unknown:0) - RuntimeError: qSlicerScriptedLoadableModule::setPythonSource - Failed to load scripted loadable module: class _HelperFile was not found in file C:/Users/kevgi/OneDrive - UBC/Kevin G's Thesis Files/mandible_reconstruction-main/ReconstructionWorkflow/_HelperFile.py
[CRITICAL][Qt] 07.12.2023 17:45:56 [] (unknown:0) - Fail to instantiate module  "_HelperFile"
[CRITICAL][Stream] 07.12.2023 17:45:56 [] (unknown:0) - RuntimeError: qSlicerScriptedLoadableModule::setPythonSource - Failed to load scripted loadable module: class _LengthErrorCode was not found in file C:/Users/kevgi/OneDrive - UBC/Kevin G's Thesis Files/mandible_reconstruction-main/ReconstructionWorkflow/_LengthErrorCode.py
[CRITICAL][Qt] 07.12.2023 17:45:56 [] (unknown:0) - Fail to instantiate module  "_LengthErrorCode"
[CRITICAL][Qt] 07.12.2023 17:45:56 [] (unknown:0) - The following modules failed to be instantiated:
[CRITICAL][Qt] 07.12.2023 17:45:56 [] (unknown:0) -    InverseKin
[CRITICAL][Qt] 07.12.2023 17:45:56 [] (unknown:0) -    ManageRegistration
[CRITICAL][Qt] 07.12.2023 17:45:56 [] (unknown:0) -    ManageUI
[CRITICAL][Qt] 07.12.2023 17:45:56 [] (unknown:0) -    _HelperFile
[CRITICAL][Qt] 07.12.2023 17:45:56 [] (unknown:0) -    _LengthErrorCode
[CRITICAL][Qt] 07.12.2023 17:45:56 [] (unknown:0) -    ManageReconstruction
[CRITICAL][Qt] 07.12.2023 17:45:56 [] (unknown:0) -    ManageSlicer
[CRITICAL][Qt] 07.12.2023 17:45:56 [] (unknown:0) -    DisplacementKevin
[DEBUG][Python] 07.12.2023 17:45:57 [Python] (C:\Users\kevgi\AppData\Local\NA-MIC\Slicer 4.11.20210226\lib\Slicer-4.11\qt-scripted-modules\SubjectHierarchyPlugins\AbstractScriptedSubjectHierarchyPlugin.py:36) - Scripted subject hierarchy plugin registered: Annotations
[DEBUG][Python] 07.12.2023 17:46:01 [Python] (C:\Users\kevgi\AppData\Local\NA-MIC\Slicer 4.11.20210226\lib\Slicer-4.11\qt-scripted-modules\SubjectHierarchyPlugins\AbstractScriptedSubjectHierarchyPlugin.py:36) - Scripted subject hierarchy plugin registered: SegmentEditor
[DEBUG][Python] 07.12.2023 17:46:01 [Python] (C:\Users\kevgi\AppData\Local\NA-MIC\Slicer 4.11.20210226\lib\Slicer-4.11\qt-scripted-modules\SubjectHierarchyPlugins\AbstractScriptedSubjectHierarchyPlugin.py:36) - Scripted subject hierarchy plugin registered: SegmentStatistics
[DEBUG][Qt] 07.12.2023 17:46:02 [] (unknown:0) - Switch to module:  "Welcome"
[DEBUG][Qt] 07.12.2023 17:46:15 [] (unknown:0) - "MRB Slicer Data Bundle" Reader has successfully read the file "C:/Users/kevgi/OneDrive - UBC/Kevin G's Thesis Files/Experiments/Nav Testing Live/5/5-Finalseg1.mrb" "[12.72s]"
[DEBUG][Qt] 07.12.2023 17:46:22 [] (unknown:0) - Switch to module:  "Data"
[DEBUG][Qt] 07.12.2023 17:47:55 [] (unknown:0) - "Model" Reader has successfully read the file "C:/Users/kevgi/OneDrive - UBC/Kevin G's Thesis Files/Experiments/Nav Testing Live/5/ActualFibSeg3.stl" "[0.04s]"
[DEBUG][Qt] 07.12.2023 17:49:02 [] (unknown:0) - Switch to module:  ""
